<?xml version="1.0" encoding="UTF-8"?>
<testsuite xmlns:xsi="http://www.w3.org/2001/XMLSchema-instance" xsi:noNamespaceSchemaLocation="https://maven.apache.org/surefire/maven-surefire-plugin/xsd/surefire-test-report-3.0.xsd" version="3.0" name="testcases.UiExploreTests" time="35.592" tests="1" errors="0" skipped="0" failures="0">
  <properties>
[...]
</properties>
  <testcase name="exploreAuditManagerNavigation" classname="testcases.UiExploreTests" time="31.421">
    <system-out><![CDATA[TITLE=Cobius Applications
URL=https://amstg.mrocorp.com/auth/
AFTER_AUDIT_MANAGER_TITLE=AuditManager
AFTER_AUDIT_MANAGER_URL=https://amstg.mrocorp.com/am/
JS_MATCH=HTML||2
Another Client
ST
Advanced Search
Reports
Settings
Incoming Queue
Claims Queue
Audits Queue
Closed Audits
New Audit
Select View
MANAGE VIEW
20 columns selected
CLEAR
	
Post
	
Letters
	
Urgency
	
Due Date
	
Assigned To
	
Task
	
Stage
	
Patient
	
Audit ID
	
Audit Type
	
Created Date
	
Account
	
Audit Letter ID
	
Facility
	
Admit Date
	
Audit Letter Date
	
Audit Reason
	
Decision
	
Decision Reason Detail
	
Decision Reason


	
	
	Overdue
	03/15/2026
	Emtpy Team
	RELEASE INFORMATION
	New
	am-em, test
	260316145931448
	Abs1
	03/16/2026
	465567576
	
	Community General North
	03/03/2026
	03/10/2026
	Claim Closure/Audit Withdrawn by Auditor
	
	
	


	
	
	Overdue
	03/16/2026
	Emtpy Team
	RELEASE INFORMATION
	New
	am-em, test
	260316134527331
	Abs1
	03/16/2026
	545454545
	
	Community General North
	03/01/2026
	03/11/2026
	Claim Closure/Audit Withdrawn by Auditor
	
	
	


	
	
	Overdue
	03/01/2026
	NewFoneWhodis
	APPEAL DECISION (LEVEL 1)
	Appeal 1
	Test, Load
	240120111800830
	ADR
	01/20/2024
	123456789
	12132132132
	Community General North
	01/01/2024
	01/01/2024
	Claim Closure/Audit Withdrawn by Auditor
	
	1 Day Stay Billed As IP
	Clinical Validation


	
	
	10+ Days
	05/04/2026
	Emtpy Team
	RELEASE INFORMATION
	New
	component, am-em
	260316110442762
	ADR TPE 1
	03/16/2026
	aaaaaaaaaaa
	
	Community General North
	
	03/19/2026
	CCI
	
	
	


	
	
	10+ Days
	05/04/2026
	Emtpy Team
	RELEASE INFORMATION
	New
	SMITH, BARBARA
	260316105957295
	ADR Prepay
	03/16/2026
	1750320
	
	aayush
	04/18/2016
	03/19/2026
	CCI
	
	
	


	
	
	Overdue
	06/25/2024
	Emtpy Team
	FILE APPEAL (LEVEL 4)
	Appeal 4
	Garcia-Lopez, Emiliano
	220503131851007
	RAC-C
	04/25/2022
	44440005
	666600001
	Community General
	01/04/2021
	02/01/2021
	DRG Validation
	
	2 Midnight Rule
	Coding and Medical Necessity


	
	
	N/A
	
	Destroyers
	AUDITOR DECISION
	New
	Garcia, Benjamin
	220503131851004
	RAC-C
	04/25/2022
	44440002
	123letterId
	Community General
	10/14/2025
	08/26/2022
	CCI
	
	Discharge Status Error
	Claim Submission Error


	
	
	10+ Days
	04/13/2026
	KJ Workflow Team
	APPEAL DECISION (LEVEL 2)
	Appeal 2
	audit, test
	241202075723468
	AETNA
	12/02/2024
	123444
	
	v A new test facility r
	
	12/01/2024
	
	
	
	Clinical Validation


	
	
	10+ Days
	05/09/2026
	Audit Supervisor
	FILE APPEAL (LEVEL 1)
	Appeal 1
	Steinberg, Maximillian
	260313123640598
	RAC-C
	03/13/2026
	POTest125409
	
	Community General
	03/09/2026
	03/10/2026
	Diagnosis
	
	1 Day Stay Billed As IP
	Claim Submission Error


	
	
	10+ Days
	05/04/2026
	Emtpy Team
	RELEASE INFORMATION
	New
	component2, test
	260304052423632
	ADR TPE 1
	03/04/2026
	ccc
	
	Community General
	
	03/19/2026
	Coding-DRG
	
	
	


	
	
	Overdue
	01/10/2025
	Nobody Home
	DRAFT RESPONSE LETTER (LEVEL 1)
	Appeal 1
	boobo, billy
	221116143657482
	RAC-C
	11/16/2022
	1234wdsfa43
	43244
	Community General
	
	11/02/2022
	Claim Closure/Audit Withdrawn by Auditor
	Partially Favorable
	
	Claim Submission Error


	
	
	0-5 Days
	03/21/2026
	Audit Supervisor
	AUDITOR DECISION
	New
	TWENTIER, MARY
	260130143637206
	ADR TPE 1
	01/30/1991
	1626162
	
	aayush
	10/27/2016
	01/30/2026
	CPT or HCPCS
	
	
	Clinical Validation


	
	
	10+ Days
	04/27/2026
	Emtpy Team
	RELEASE INFORMATION
	New
	MILFORD, DOROTHY
	260313074006675
	ADR Prepay
	03/13/2026
	0012026601
	
	aayush
	08/01/2016
	03/12/2026
	CPT or HCPCS
	
	
	


	
	
	Overdue
	03/15/2026
	Emtpy Team
	COMPILE RECORD
	New
	SMITH, DANIELLE
	260313073758915
	Abs1
	03/13/2026
	13456gg
	
	aayush
	12/29/2016
	03/12/2026
	CPT or HCPCS
	
	
	


	
	
	Overdue
	03/11/2024
	NewFoneWhodis
	FILE DISCUSSION
	Discussion
	load, AMtest
	240120124032095
	Abs1
	01/20/2024
	1601409
	2264641564654
	Community General
	01/25/2024
	01/01/2024
	Charge Accuracy
	
	Admission Status Error
	Clinical Validation


	
	
	Overdue
	06/01/2024
	Emtpy Team
	FILE APPEAL (LEVEL 1)
	Appeal 1
	t, t
	221229134218517
	Abs1
	12/30/2022
	e
	123456
	Community General North
	
	12/05/2022
	Claim Closure/Audit Withdrawn by Auditor
	
	
	


	
	
	Overdue
	03/10/2025
	automation team
	RELEASE INFORMATION
	New
	PATRICIA, SMITH
	250124105724018
	Abs1
	01/24/2025
	ExternalCauseOP1
	
	v A new test facility r
	12/31/1899
	01/23/2025
	Coding-DRG
	
	
	


	
	
	Overdue
	03/15/2026
	Emtpy Team
	APPROVE RESPONSE LETTER (LEVEL 1)
	Appeal 1
	Audit, ChartNo
	260313051231117
	Abs1
	03/13/2026
	1234567890e
	
	Community General
	
	
	CPT or HCPCS
	
	
	


	
	
	Overdue
	03/15/2026
	Aleks test Team 2
	COMPILE RECORD
	New
	chartNo, test
	260313051052804
	Abs1
	03/13/2026
	14098765432
	
	atest
	
	03/12/2026
	CPT or HCPCS
	
	
	


	
	
	10+ Days
	04/13/2026
	Nobody Home
	AUDITOR DECISION
	New
	SMITH, JAMES
	241127150523147
	AETNA
	11/27/2024
	2391430
	
	aayush
	08/13/2016
	10/30/2024
	
	
	
	


	
	
	10+ Days
	04/13/2026
	Emtpy Team
	AUDITOR DECISION
	New
	OneDuplicate, Test
	241212143917264
	Abs1
	12/12/2024
	1234512
	
	aayush
	
	12/11/2024
	
	
	
	


	
	
	10+ Days
	04/13/2026
	Nobody Home
	AUDITOR DECISION
	New
	SMITH, JAMES
	241127134543714
	AETNA
	11/27/2024
	2391430
	
	aayush
	08/13/2016
	10/30/2024
	
	
	
	


	
	
	10+ Days
	04/13/2026
	Nobody Home
	AUDITOR DECISION
	New
	SMYKSY, DANIEL
	260303083506653
	ADR Prepay
	03/03/2026
	2581094
	
	aayush
	04/12/2016
	03/18/2026
	
	
	
	


	
	
	10+ Days
	04/13/2026
	Aleks test Team 1
	AUDITOR DECISION
	New
	SMITH, testfirst3
	241219090945980
	Amerihealth
	12/19/2024
	2580519
	
	aayush
	04/12/2016
	11/29/2024
	
	
	
	


	
	
	10+ Days
	04/13/2026
	Aniket_Test
	AUDITOR DECISION
	New
	thorat, swapnil
	241205073137036
	AETNA
	12/05/2024
	25878956
	
	aayush
	
	12/02/2024
	
	
	
	


	
	
	10+ Days
	04/13/2026
	Asiya's Team
	AUDITOR DECISION
	New
	SMITH, BRENDA
	241203102029622
	Abs1
	12/03/2024
	1697565m
	
	aayush
	02/15/2016
	12/02/2024
	
	
	
	


	
	
	10+ Days
	04/13/2026
	Asiya's Team
	AUDITOR DECISION
	New
	create, test
	241202052057433
	Abs1
	12/02/2024
	12345634
	
	aayush
	
	11/30/2024
	
	
	
	


	
	
	10+ Days
	04/13/2026
	Nobody Home
	AUDITOR DECISION
	New
	SMITH, JAMES
	241127134154575
	AETNA
	11/27/2024
	2391430
	
	aayush
	08/13/2016
	10/30/2024
	
	
	
	


	
	
	10+ Days
	04/13/2026
	Emtpy Team
	AUDITOR DECISION
	New
	ALFORD, BEVERLY
	241127052400841
	BCBS - Pre Pay
	11/27/2024
	9143005467
	20230720103810103
	aayush
	10/10/2024
	03/02/2025
	
	
	
	


	
	
	10+ Days
	03/29/2026
	Nobody Home
	AUDITOR DECISION
	New
	am-em, test
	260226101924690
	ADR TPE 1
	02/26/2026
	aaaaaa
	
	Community General
	03/08/2026
	02/18/2026
	Diagnosis
	
	
	


	
	
	Overdue
	03/07/2026
	Nandan Test Updated
	CLOSE AUDIT
	Close
	test after -1 removal, test after -1 removal
	260204072632261
	ADR Prepay
	02/04/2026
	2345678
	
	Community General
	
	
	
	Overturned in Favor of Provider
	
	


	
	
	Overdue
	03/14/2026
	Aleks test Team 2
	COMPILE RECORD
	New
	testmrn, test22
	260311183803460
	Abs1
	03/12/2026
	1235456
	
	aayush
	
	03/10/2026
	CPT or HCPCS
	
	
	


	
	
	Overdue
	03/14/2026
	Aleks test Team 2
	COMPILE RECORD
	New
	test, testrq
	260311183448123
	BMC HealthNet
	03/12/2026
	454545454
	
	123689_amem-peerreview
	
	03/10/2026
	Diagnosis
	
	
	


	
	
	Overdue
	02/09/2026
	Emtpy Team
	RELEASE INFORMATION
	New
	em-comp-doc-create, 123022-peer-review
	260224130124948
	Abs1
	02/24/2026
	54645654
	
	Community General North
	
	02/04/2026
	CPT or HCPCS
	
	
	


	
	
	10+ Days
	04/26/2026
	Audit Supervisor
	RELEASE INFORMATION
	New
	SMITH, WILLIAM
	260311042215286
	ADR Prepay
	03/11/2026
	100000610665768
	
	atest
	03/03/2024
	03/11/2026
	Diagnosis
	
	
	


	
	
	Overdue
	10/18/2025
	Audit Supervisor
	AUDITOR DECISION
	New
	WHITE, HAROLD
	251016223617896
	ADR Prepay
	10/17/2025
	90920259011
	
	Community General North
	10/28/2016
	
	
	
	
	Clinical Validation


	
	
	10+ Days
	04/24/2026
	Emtpy Team
	RELEASE INFORMATION
	New
	WHITE, HAROLD
	260309152609164
	RAC
	03/09/2026
	9092025901
	
	123689_amem-peerreview
	10/28/2016
	03/09/2026
	
	
	
	


	
	
1
	Overdue
	02/24/2026
	Hopf Team
	AUDITOR DECISION
	New
	ANDERSON , GILBERT
	260218142428350
	RAC-C
	02/18/2026
	0013018271
	
	Community General South
	08/03/2016
	02/17/2026
	
	
	
	


	
	
	Overdue
	12/27/2024
	Nobody Home
	CHART RECEIPT DATE
	New
	abc, test
	241114093330710
	Abs1
	11/14/2024
	1231231231
	
	v A new test facility r
	11/03/2024
	11/10/2024
	
	
	
	


	
	
	10+ Days
	04/26/2026
	Washington & West
	FILE DISCUSSION
	Discussion
	em1, test
	260309065927664
	ADR Prepay
	03/09/2026
	aaaaaaa
	
	AS Test Facilty for 105718
	
	03/18/2026
	
	
	
	


	
	
	10+ Days
	05/04/2026
	Emtpy Team
	RELEASE INFORMATION
	New
	component1, test
	260304052200694
	ADR TPE 1
	03/04/2026
	aaaaaaaaaa
	
	Community General
	
	03/19/2026
	
	
	
	


	
	
	10+ Days
	05/04/2026
	Emtpy Team
	RELEASE INFORMATION
	New
	ks, test
	260303053054263
	ADR TPE 1
	03/03/2026
	account
	
	Community General
	
	03/19/2026
	
	
	
	


	
	
	10+ Days
	05/04/2026
	Emtpy Team
	RELEASE INFORMATION
	New
	test-am-em, test supp-doc
	260303052842757
	ADR TPE 1
	03/03/2026
	account
	
	Community General
	
	03/19/2026
	
	
	
	


	
	
	Overdue
	03/08/2026
	Nobody Home
	COMPILE RECORD
	New
	ks, test
	260302150904675
	ADR Prepay
	03/02/2026
	aa
	
	Community General
	
	03/13/2026
	
	
	
	


	
	
	10+ Days
	05/03/2026
	Nobody Home
	RELEASE INFORMATION
	New
	am-em modify, username
	260302135810854
	ADR Prepay
	03/02/2026
	account
	
	Community General
	
	03/18/2026
	
	
	
	


	
	
	10+ Days
	04/17/2026
	Nobody Home
	FILE DISCUSSION
	Discussion
	am-em, test
	260302055841792
	ADR TPE 1
	03/02/2026
	aaaaaaaa
	
	Community General
	
	03/18/2026
	
	
	
	


	
	
	10+ Days
	04/14/2026
	Aleks test Team 1
	RELEASE INFORMATION
	New
	TestNewDB, AUSTROBER
	260227121430336
	ADR TPE 1
	02/27/2026
	002100863166
	
	atest
	08/25/2016
	02/27/2026
	
	
	
	


	
	
	10+ Days
	03/30/2026
	EM ROI Team
	DISCUSSION DECISION
	Discussion
	DiscussionOwner, Test
	260227093936229
	Abs1
	02/27/2026
	14533
	
	atest
	
	02/25/2026
	
	
	
	


	
	
3
	10+ Days
	04/14/2026
	Emtpy Team
	RELEASE INFORMATION
	New
	THOMAS, NORMAN
	260227093457262
	ADR Prepay
	02/27/2026
	00280006917687
	
	AS Test Facilty for 105718
	08/25/2016
	02/27/2026
	
	
	
	


	
	
	10+ Days
	03/29/2026
	Nobody Home
	AUDITOR DECISION
	New
	am-em1, test
	260226102223530
	ADR TPE 1
	02/26/2026
	bbbbbbbbbb
	
	Community General North
	
	02/17/2026
	
	
	
	


	
	
	10+ Days
	04/01/2026
	Emtpy Team
	RELEASE INFORMATION
	New
	ks, test
	260226085937844
	ADR TPE 1
	02/26/2026
	aaaaaaa
	
	Community General
	
	02/14/2026
	
	
	
	


	
	
	Overdue
	03/13/2026
	Emtpy Team
	FILE DISCUSSION
	Discussion
	e-delivery, mapping
	260226050010326
	Abs1
	02/26/2026
	65768767
	
	aayush
	02/01/2026
	02/10/2026
	
	
	
	


	
	
	10+ Days
	03/28/2026
	Emtpy Team
	CLOSE AUDIT
	Close
	mapping, test
	260226051256716
	Abs1
	02/26/2026
	665576576
	
	AS Test Facilty for 105718
	02/01/2026
	02/11/2026
	
	
	
	Audit Cancelled/Ineligible


	
	
	Overdue
	02/06/2026
	Emtpy Team
	RELEASE INFORMATION
	New
	supp-doc, test-am-em
	260225145149813
	Abs1
	02/25/2026
	345354435
	
	Community General North
	
	02/01/2026
	
	
	
	


	
	
	Overdue
	02/06/2026
	Emtpy Team
	RELEASE INFORMATION
	New
	supp-doc, test-am-em
	260225140533599
	Abs1
	02/25/2026
	345345354
	
	Community General North
	
	02/01/2026
	
	
	
	


	
	
	10+ Days
	03/28/2026
	Emtpy Team
	AUDITOR DECISION
	New
	snykSanityCheck, test
	260225111345128
	ADR Prepay
	02/25/2026
	5665765767
	
	Community General North
	02/11/2026
	02/11/2026
	
	
	
	


	
	
	10+ Days
	04/01/2026
	Emtpy Team
	RELEASE INFORMATION
	New
	am-em, component
	260225090025329
	ADR TPE 1
	02/25/2026
	aaaaaaaa
	
	Community General
	
	02/14/2026
	
	
	
	


	
	
	10+ Days
	04/10/2026
	Emtpy Team
	RELEASE INFORMATION
	New
	MILFORD, DOROTHY
	260224110403697
	ADR TPE 1
	02/24/2026
	0012026601
	
	123689_amem-peerreview
	08/01/2016
	02/23/2026
	
	
	
	


	
	
	Overdue
	02/06/2026
	Emtpy Team
	RELEASE INFORMATION
	New
	comp-doc, test-am-em
	260224081017993
	Abs1
	02/24/2026
	4545345
	
	Community General North
	
	02/01/2026
	
	
	
	


	
	
	10+ Days
	04/03/2026
	Emtpy Team
	RELEASE INFORMATION
	New
	abhiTestTwo, abhiTestOne
	260224081109224
	ADR Prepay
	02/24/2026
	12123124112
	
	Community General
	
	02/16/2026
	
	
	
	


	
	
	Overdue
	02/06/2026
	Emtpy Team
	RELEASE INFORMATION
	New
	comp-create, test-am
	260224074531579
	Abs1
	02/24/2026
	34545354
	
	Community General North
	
	02/01/2026
	
	
	
	


	
	
	Overdue
	02/06/2026
	Emtpy Team
	RELEASE INFORMATION
	New
	comp-doc, test-am-em
	260224061548314
	Abs1
	02/24/2026
	3242442423432
	
	Community General North
	
	02/01/2026
	
	
	
	


	
	
	10+ Days
	04/20/2026
	Emtpy Team
	RELEASE INFORMATION
	New
	New, Test FTP
	260223111220030
	Cotiviti DRG
	02/23/2026
	567876543
	
	AS Test Facilty for 105718
	
	02/23/2026
	
	
	
	


	
	
	10+ Days
	04/09/2026
	Emtpy Team
	RELEASE INFORMATION
	New
	BOARDWELL, VIVIAN
	260223105446210
	ADR TPE 3
	02/23/2026
	0012007301
	
	123689_amem-peerreview
	08/01/2016
	02/22/2026
	
	
	
	


	
	
1
	10+ Days
	04/09/2026
	Emtpy Team
	RELEASE INFORMATION
	New
	BRADWAY, DIANE
	260223105400831
	ADR TPE 3
	02/23/2026
	0026008051
	
	123689_amem-peerreview
	08/27/2016
	02/22/2026
	
	
	
	


	
	
1
	10+ Days
	04/09/2026
	Emtpy Team
	RELEASE INFORMATION
	New
	BROWN, RUTH
	260223105253430
	ADR TPE 3
	02/23/2026
	00530030310
	
	123689_amem-peerreview
	09/12/2016
	02/22/2026
	
	
	
	


	
	
1
	10+ Days
	04/09/2026
	Aleks test Team 1
	RELEASE INFORMATION
	New
	BEEKS, REBECCA
	260223104915830
	ADR TPE 2
	02/23/2026
	0011035121
	
	atest
	08/04/2016
	02/22/2026
	
	
	
	


	
	
	10+ Days
	04/06/2026
	Emtpy Team
	RELEASE INFORMATION
	New
	ks1, test
	260223094304606
	ADR TPE 1
	02/23/2026
	nnnnnnn
	
	Community General
	
	02/19/2026
	
	
	
	


	
	
	10+ Days
	04/06/2026
	Emtpy Team
	RELEASE INFORMATION
	New
	ks, test
	260223094058016
	ADR TPE 1
	02/23/2026
	aaaaaaaaaaaa
	
	Community General
	
	02/19/2026
	
	
	
	


	
	
	10+ Days
	03/28/2026
	Emtpy Team
	RELEASE INFORMATION
	New
	t23, t23
	260223060445937
	ADR TPE 1
	02/23/2026
	7657544557745456547
	
	Community General North
	
	02/10/2026
	
	
	
	


	
	
	10+ Days
	04/06/2026
	Emtpy Team
	RELEASE INFORMATION
	New
	SMITH, TRACEY
	260223064215258
	ADR Prepay
	02/23/2026
	1992601
	
	aayush
	03/09/2016
	02/19/2026
	
	
	
	


	
	
	10+ Days
	03/29/2026
	Emtpy Team
	RELEASE INFORMATION
	New
	SMITH, BARBARA
	260223063617866
	ADR TPE 2
	02/23/2026
	1750320
	
	aayush
	04/18/2016
	02/11/2026
	
	
	
	


	
	
	10+ Days
	03/29/2026
	Emtpy Team
	RELEASE INFORMATION
	New
	SMITH, BRENDA
	260223063520483
	ADR TPE 2
	02/23/2026
	1756977
	
	aayush
	04/27/2016
	02/11/2026
	
	
	
	


	
	
	10+ Days
	04/06/2026
	Emtpy Team
	RELEASE INFORMATION
	New
	SMITH, JOHN
	260223063400695
	ADR Prepay
	02/23/2026
	1776805
	
	aayush
	05/31/2016
	02/19/2026
	
	
	
	


	
	
	10+ Days
	03/28/2026
	Emtpy Team
	RELEASE INFORMATION
	New
	adad, ad
	260223055544935
	ADR Prepay
	02/23/2026
	121212
	
	Community General North
	
	02/10/2026
	
	
	
	


	
	
	Overdue
	02/06/2026
	Emtpy Team
	RELEASE INFORMATION
	New
	testwithoutdoc, test
	260223050131234
	Abs1
	02/23/2026
	456464
	
	Community General North
	
	02/01/2026
	
	
	
	


	
	
	Overdue
	02/06/2026
	Emtpy Team
	RELEASE INFORMATION
	New
	test, test
	260223045758352
	Abs1
	02/23/2026
	34534543
	
	Community General North
	
	02/01/2026
	
	
	
	


	
	
	0-5 Days
	03/22/2026
	Nobody Home
	AUDITOR DECISION
	New
	am-em, chart receipt
	260219094147853
	ADR TPE 1
	02/19/2026
	qqqqq
	
	123689_amem-peerreview
	
	02/18/2026
	
	
	
	


	
	
	10+ Days
	04/06/2026
	Nobody Home
	CHART RECEIPT DATE
	New
	am-em, failed auditor1
	260219091436991
	ADR TPE 1
	02/19/2026
	aaaaa
	
	123689_amem-peerreview
	
	02/18/2026
	
	
	
	


	
	
	10+ Days
	04/06/2026
	Nobody Home
	RELEASE INFORMATION
	New
	am-em, auditor
	260219090250979
	ADR TPE 1
	02/19/2026
	aaaaaaa
	
	aayush
	
	02/18/2026
	
	
	
	


	
	
	10+ Days
	04/01/2026
	Nobody Home
	RELEASE INFORMATION
	New
	decision, release1
	260219085835707
	ADR TPE 1
	02/19/2026
	aaaaaaaa
	
	aayush
	
	02/14/2026
	
	
	
	


	
	
	10+ Days
	04/01/2026
	Emtpy Team
	RELEASE INFORMATION
	New
	am-em, release
	260219083633420
	ADR TPE 1
	02/19/2026
	zzzzz
	
	Community General
	
	02/13/2026
	
	
	
	


	
	
	10+ Days
	03/31/2026
	Nobody Home
	CHART RECEIPT DATE
	New
	am-em, chart receipt
	260219083949622
	ADR TPE 1
	02/19/2026
	mmmm
	
	Community General
	
	02/11/2026
	
	
	
	


	
	
	Overdue
	02/26/2026
	Nobody Home
	PRE-DECISION REVIEW
	New
	am-em, pre deicison
	260219083511015
	ADR TPE 1
	02/19/2026
	aaaaaaa
	
	Community General
	
	02/14/2026
	
	
	
	


	
	
	Overdue
	02/25/2026
	Nobody Home
	COMPILE RECORD
	New
	am-em, compile
	260219083313796
	ADR TPE 1
	02/19/2026
	aaaaaaaa
	
	Community General
	
	02/18/2026
	
	
	
	


	
	
	6-10 Days
	03/27/2026
	Audit Supervisor
	RELEASE INFORMATION
	New
	llnn, ffnn
	260219051552992
	ADR TPE 1
	02/19/2026
	12121243434535
	
	Community General
	
	02/09/2026
	
	
	
	


	
	
	10+ Days
	04/04/2026
	Emtpy Team
	RELEASE INFORMATION
	New
	er, er
	260219052014308
	ADR Prepay
	02/19/2026
	76865868
	
	123689_amem-peerreview
	
	02/17/2026
	
	
	
	


	
	
	Overdue
	02/25/2026
	Emtpy Team
	COMPILE RECORD
	New
	ln, fn
	260219051407697
	ADR Prepay
	02/19/2026
	12121212
	
	Community General
	
	02/17/2026
	
	
	
	


	
	
	Overdue
	02/25/2026
	Aleks test Team 1
	COMPILE RECORD
	New
	qa, qa
	260218133140177
	ADR Prepay
	02/18/2026
	12121
	
	Community General South
	
	02/03/2026
	
	
	
	


	
	
	Overdue
	02/26/2026
	Emtpy Team
	COMPILE RECORD
	New
	sa, sa
	260218133002905
	ADR TPE 1
	02/18/2026
	23242
	
	Community General
	
	02/09/2026
	
	
	
	


	
	
	10+ Days
	04/04/2026
	Emtpy Team
	RELEASE INFORMATION
	New
	AbhiLastThree, AbhiThree
	260218130855998
	ADR TPE 1
	02/18/2026
	2321232412
	
	Community General
	
	02/17/2026
	
	
	
	


	
	
	Overdue
	02/25/2026
	Aleks test Team 1
	COMPILE RECORD
	New
	TestAbhiLast2, TestAbhi2
	260218130523902
	ADR Prepay
	02/18/2026
	12423221424
	
	Community General South
	
	02/17/2026
	
	
	
	


	
	
	10+ Days
	04/03/2026
	Emtpy Team
	RELEASE INFORMATION
	New
	am-em, testks
	260218130139969
	ADR TPE 1
	02/18/2026
	aaaaaaaaaa
	
	123689_amem-peerreview
	
	02/16/2026
	
	
	
	


	
	
	10+ Days
	04/01/2026
	Emtpy Team
	RELEASE INFORMATION
	New
	am-em1, test
	260218104127348
	ADR TPE 1
	02/18/2026
	aaaaaaaa
	
	Community General
	
	02/14/2026
	
	
	
	


	
	
	Overdue
	02/26/2026
	Emtpy Team
	COMPILE RECORD
	New
	test1826, test1826
	260218103635789
	ADR TPE 2
	02/18/2026
	12121212
	
	Community General
	
	02/09/2026
	
	
	
	


	
	
	10+ Days
	03/29/2026
	Emtpy Team
	RELEASE INFORMATION
	New
	test18, test18
	260218103329732
	ADR Prepay
	02/18/2026
	4535345
	
	Community General North
	
	02/10/2026
	
	
	
	


	
	
	Overdue
	02/21/2026
	Aleks test Team 2
	COMPILE RECORD
	New
	test, test
	260218102134685
	Abs1
	02/18/2026
	24332234234
	
	Community General North
	
	02/01/2026
	
	
	
	


	
	
	Overdue
	02/26/2026
	Emtpy Team
	COMPILE RECORD
	New
	test18_2_26, test18_2_26
	260218094733557
	ADR TPE 1
	02/18/2026
	34343434
	
	Community General
	
	02/17/2026
	
	
	
	


	
	
	Overdue
	02/25/2026
	Aleks test Team 1
	COMPILE RECORD
	New
	test2, test2
	260218094157803
	ADR Prepay
	02/18/2026
	98765432
	
	Community General North
	
	02/04/2026
	
	
	
	


	
	
	0-5 Days
	03/18/2026
	Test Team
	RELEASE INFORMATION
	New
	test as, test rem compile recor
	260131062502815
	ADR TPE 1
	01/31/2026
	123455
	
	Community General North
	
	01/31/2026
	
	
	
	
Showing 1 to 100 of 13087
12345
100

© 2026 MRO, Confidential, all rights reserved. | Version: 122162
JS_MATCH=BODY|AM-rewrite|2
Another Client
ST
Advanced Search
Reports
Settings
Incoming Queue
Claims Queue
Audits Queue
Closed Audits
New Audit
Select View
MANAGE VIEW
20 columns selected
CLEAR
	
Post
	
Letters
	
Urgency
	
Due Date
	
Assigned To
	
Task
	
Stage
	
Patient
	
Audit ID
	
Audit Type
	
Created Date
	
Account
	
Audit Letter ID
	
Facility
	
Admit Date
	
Audit Letter Date
	
Audit Reason
	
Decision
	
Decision Reason Detail
	
Decision Reason


	
	
	Overdue
	03/15/2026
	Emtpy Team
	RELEASE INFORMATION
	New
	am-em, test
	260316145931448
	Abs1
	03/16/2026
	465567576
	
	Community General North
	03/03/2026
	03/10/2026
	Claim Closure/Audit Withdrawn by Auditor
	
	
	


	
	
	Overdue
	03/16/2026
	Emtpy Team
	RELEASE INFORMATION
	New
	am-em, test
	260316134527331
	Abs1
	03/16/2026
	545454545
	
	Community General North
	03/01/2026
	03/11/2026
	Claim Closure/Audit Withdrawn by Auditor
	
	
	


	
	
	Overdue
	03/01/2026
	NewFoneWhodis
	APPEAL DECISION (LEVEL 1)
	Appeal 1
	Test, Load
	240120111800830
	ADR
	01/20/2024
	123456789
	12132132132
	Community General North
	01/01/2024
	01/01/2024
	Claim Closure/Audit Withdrawn by Auditor
	
	1 Day Stay Billed As IP
	Clinical Validation


	
	
	10+ Days
	05/04/2026
	Emtpy Team
	RELEASE INFORMATION
	New
	component, am-em
	260316110442762
	ADR TPE 1
	03/16/2026
	aaaaaaaaaaa
	
	Community General North
	
	03/19/2026
	CCI
	
	
	


	
	
	10+ Days
	05/04/2026
	Emtpy Team
	RELEASE INFORMATION
	New
	SMITH, BARBARA
	260316105957295
	ADR Prepay
	03/16/2026
	1750320
	
	aayush
	04/18/2016
	03/19/2026
	CCI
	
	
	


	
	
	Overdue
	06/25/2024
	Emtpy Team
	FILE APPEAL (LEVEL 4)
	Appeal 4
	Garcia-Lopez, Emiliano
	220503131851007
	RAC-C
	04/25/2022
	44440005
	666600001
	Community General
	01/04/2021
	02/01/2021
	DRG Validation
	
	2 Midnight Rule
	Coding and Medical Necessity


	
	
	N/A
	
	Destroyers
	AUDITOR DECISION
	New
	Garcia, Benjamin
	220503131851004
	RAC-C
	04/25/2022
	44440002
	123letterId
	Community General
	10/14/2025
	08/26/2022
	CCI
	
	Discharge Status Error
	Claim Submission Error


	
	
	10+ Days
	04/13/2026
	KJ Workflow Team
	APPEAL DECISION (LEVEL 2)
	Appeal 2
	audit, test
	241202075723468
	AETNA
	12/02/2024
	123444
	
	v A new test facility r
	
	12/01/2024
	
	
	
	Clinical Validation


	
	
	10+ Days
	05/09/2026
	Audit Supervisor
	FILE APPEAL (LEVEL 1)
	Appeal 1
	Steinberg, Maximillian
	260313123640598
	RAC-C
	03/13/2026
	POTest125409
	
	Community General
	03/09/2026
	03/10/2026
	Diagnosis
	
	1 Day Stay Billed As IP
	Claim Submission Error


	
	
	10+ Days
	05/04/2026
	Emtpy Team
	RELEASE INFORMATION
	New
	component2, test
	260304052423632
	ADR TPE 1
	03/04/2026
	ccc
	
	Community General
	
	03/19/2026
	Coding-DRG
	
	
	


	
	
	Overdue
	01/10/2025
	Nobody Home
	DRAFT RESPONSE LETTER (LEVEL 1)
	Appeal 1
	boobo, billy
	221116143657482
	RAC-C
	11/16/2022
	1234wdsfa43
	43244
	Community General
	
	11/02/2022
	Claim Closure/Audit Withdrawn by Auditor
	Partially Favorable
	
	Claim Submission Error


	
	
	0-5 Days
	03/21/2026
	Audit Supervisor
	AUDITOR DECISION
	New
	TWENTIER, MARY
	260130143637206
	ADR TPE 1
	01/30/1991
	1626162
	
	aayush
	10/27/2016
	01/30/2026
	CPT or HCPCS
	
	
	Clinical Validation


	
	
	10+ Days
	04/27/2026
	Emtpy Team
	RELEASE INFORMATION
	New
	MILFORD, DOROTHY
	260313074006675
	ADR Prepay
	03/13/2026
	0012026601
	
	aayush
	08/01/2016
	03/12/2026
	CPT or HCPCS
	
	
	


	
	
	Overdue
	03/15/2026
	Emtpy Team
	COMPILE RECORD
	New
	SMITH, DANIELLE
	260313073758915
	Abs1
	03/13/2026
	13456gg
	
	aayush
	12/29/2016
	03/12/2026
	CPT or HCPCS
	
	
	


	
	
	Overdue
	03/11/2024
	NewFoneWhodis
	FILE DISCUSSION
	Discussion
	load, AMtest
	240120124032095
	Abs1
	01/20/2024
	1601409
	2264641564654
	Community General
	01/25/2024
	01/01/2024
	Charge Accuracy
	
	Admission Status Error
	Clinical Validation


	
	
	Overdue
	06/01/2024
	Emtpy Team
	FILE APPEAL (LEVEL 1)
	Appeal 1
	t, t
	221229134218517
	Abs1
	12/30/2022
	e
	123456
	Community General North
	
	12/05/2022
	Claim Closure/Audit Withdrawn by Auditor
	
	
	


	
	
	Overdue
	03/10/2025
	automation team
	RELEASE INFORMATION
	New
	PATRICIA, SMITH
	250124105724018
	Abs1
	01/24/2025
	ExternalCauseOP1
	
	v A new test facility r
	12/31/1899
	01/23/2025
	Coding-DRG
	
	
	


	
	
	Overdue
	03/15/2026
	Emtpy Team
	APPROVE RESPONSE LETTER (LEVEL 1)
	Appeal 1
	Audit, ChartNo
	260313051231117
	Abs1
	03/13/2026
	1234567890e
	
	Community General
	
	
	CPT or HCPCS
	
	
	


	
	
	Overdue
	03/15/2026
	Aleks test Team 2
	COMPILE RECORD
	New
	chartNo, test
	260313051052804
	Abs1
	03/13/2026
	14098765432
	
	atest
	
	03/12/2026
	CPT or HCPCS
	
	
	


	
	
	10+ Days
	04/13/2026
	Nobody Home
	AUDITOR DECISION
	New
	SMITH, JAMES
	241127150523147
	AETNA
	11/27/2024
	2391430
	
	aayush
	08/13/2016
	10/30/2024
	
	
	
	


	
	
	10+ Days
	04/13/2026
	Emtpy Team
	AUDITOR DECISION
	New
	OneDuplicate, Test
	241212143917264
	Abs1
	12/12/2024
	1234512
	
	aayush
	
	12/11/2024
	
	
	
	


	
	
	10+ Days
	04/13/2026
	Nobody Home
	AUDITOR DECISION
	New
	SMITH, JAMES
	241127134543714
	AETNA
	11/27/2024
	2391430
	
	aayush
	08/13/2016
	10/30/2024
	
	
	
	


	
	
	10+ Days
	04/13/2026
	Nobody Home
	AUDITOR DECISION
	New
	SMYKSY, DANIEL
	260303083506653
	ADR Prepay
	03/03/2026
	2581094
	
	aayush
	04/12/2016
	03/18/2026
	
	
	
	


	
	
	10+ Days
	04/13/2026
	Aleks test Team 1
	AUDITOR DECISION
	New
	SMITH, testfirst3
	241219090945980
	Amerihealth
	12/19/2024
	2580519
	
	aayush
	04/12/2016
	11/29/2024
	
	
	
	


	
	
	10+ Days
	04/13/2026
	Aniket_Test
	AUDITOR DECISION
	New
	thorat, swapnil
	241205073137036
	AETNA
	12/05/2024
	25878956
	
	aayush
	
	12/02/2024
	
	
	
	


	
	
	10+ Days
	04/13/2026
	Asiya's Team
	AUDITOR DECISION
	New
	SMITH, BRENDA
	241203102029622
	Abs1
	12/03/2024
	1697565m
	
	aayush
	02/15/2016
	12/02/2024
	
	
	
	


	
	
	10+ Days
	04/13/2026
	Asiya's Team
	AUDITOR DECISION
	New
	create, test
	241202052057433
	Abs1
	12/02/2024
	12345634
	
	aayush
	
	11/30/2024
	
	
	
	


	
	
	10+ Days
	04/13/2026
	Nobody Home
	AUDITOR DECISION
	New
	SMITH, JAMES
	241127134154575
	AETNA
	11/27/2024
	2391430
	
	aayush
	08/13/2016
	10/30/2024
	
	
	
	


	
	
	10+ Days
	04/13/2026
	Emtpy Team
	AUDITOR DECISION
	New
	ALFORD, BEVERLY
	241127052400841
	BCBS - Pre Pay
	11/27/2024
	9143005467
	20230720103810103
	aayush
	10/10/2024
	03/02/2025
	
	
	
	


	
	
	10+ Days
	03/29/2026
	Nobody Home
	AUDITOR DECISION
	New
	am-em, test
	260226101924690
	ADR TPE 1
	02/26/2026
	aaaaaa
	
	Community General
	03/08/2026
	02/18/2026
	Diagnosis
	
	
	


	
	
	Overdue
	03/07/2026
	Nandan Test Updated
	CLOSE AUDIT
	Close
	test after -1 removal, test after -1 removal
	260204072632261
	ADR Prepay
	02/04/2026
	2345678
	
	Community General
	
	
	
	Overturned in Favor of Provider
	
	


	
	
	Overdue
	03/14/2026
	Aleks test Team 2
	COMPILE RECORD
	New
	testmrn, test22
	260311183803460
	Abs1
	03/12/2026
	1235456
	
	aayush
	
	03/10/2026
	CPT or HCPCS
	
	
	


	
	
	Overdue
	03/14/2026
	Aleks test Team 2
	COMPILE RECORD
	New
	test, testrq
	260311183448123
	BMC HealthNet
	03/12/2026
	454545454
	
	123689_amem-peerreview
	
	03/10/2026
	Diagnosis
	
	
	


	
	
	Overdue
	02/09/2026
	Emtpy Team
	RELEASE INFORMATION
	New
	em-comp-doc-create, 123022-peer-review
	260224130124948
	Abs1
	02/24/2026
	54645654
	
	Community General North
	
	02/04/2026
	CPT or HCPCS
	
	
	


	
	
	10+ Days
	04/26/2026
	Audit Supervisor
	RELEASE INFORMATION
	New
	SMITH, WILLIAM
	260311042215286
	ADR Prepay
	03/11/2026
	100000610665768
	
	atest
	03/03/2024
	03/11/2026
	Diagnosis
	
	
	


	
	
	Overdue
	10/18/2025
	Audit Supervisor
	AUDITOR DECISION
	New
	WHITE, HAROLD
	251016223617896
	ADR Prepay
	10/17/2025
	90920259011
	
	Community General North
	10/28/2016
	
	
	
	
	Clinical Validation


	
	
	10+ Days
	04/24/2026
	Emtpy Team
	RELEASE INFORMATION
	New
	WHITE, HAROLD
	260309152609164
	RAC
	03/09/2026
	9092025901
	
	123689_amem-peerreview
	10/28/2016
	03/09/2026
	
	
	
	


	
	
1
	Overdue
	02/24/2026
	Hopf Team
	AUDITOR DECISION
	New
	ANDERSON , GILBERT
	260218142428350
	RAC-C
	02/18/2026
	0013018271
	
	Community General South
	08/03/2016
	02/17/2026
	
	
	
	


	
	
	Overdue
	12/27/2024
	Nobody Home
	CHART RECEIPT DATE
	New
	abc, test
	241114093330710
	Abs1
	11/14/2024
	1231231231
	
	v A new test facility r
	11/03/2024
	11/10/2024
	
	
	
	


	
	
	10+ Days
	04/26/2026
	Washington & West
	FILE DISCUSSION
	Discussion
	em1, test
	260309065927664
	ADR Prepay
	03/09/2026
	aaaaaaa
	
	AS Test Facilty for 105718
	
	03/18/2026
	
	
	
	


	
	
	10+ Days
	05/04/2026
	Emtpy Team
	RELEASE INFORMATION
	New
	component1, test
	260304052200694
	ADR TPE 1
	03/04/2026
	aaaaaaaaaa
	
	Community General
	
	03/19/2026
	
	
	
	


	
	
	10+ Days
	05/04/2026
	Emtpy Team
	RELEASE INFORMATION
	New
	ks, test
	260303053054263
	ADR TPE 1
	03/03/2026
	account
	
	Community General
	
	03/19/2026
	
	
	
	


	
	
	10+ Days
	05/04/2026
	Emtpy Team
	RELEASE INFORMATION
	New
	test-am-em, test supp-doc
	260303052842757
	ADR TPE 1
	03/03/2026
	account
	
	Community General
	
	03/19/2026
	
	
	
	


	
	
	Overdue
	03/08/2026
	Nobody Home
	COMPILE RECORD
	New
	ks, test
	260302150904675
	ADR Prepay
	03/02/2026
	aa
	
	Community General
	
	03/13/2026
	
	
	
	


	
	
	10+ Days
	05/03/2026
	Nobody Home
	RELEASE INFORMATION
	New
	am-em modify, username
	260302135810854
	ADR Prepay
	03/02/2026
	account
	
	Community General
	
	03/18/2026
	
	
	
	


	
	
	10+ Days
	04/17/2026
	Nobody Home
	FILE DISCUSSION
	Discussion
	am-em, test
	260302055841792
	ADR TPE 1
	03/02/2026
	aaaaaaaa
	
	Community General
	
	03/18/2026
	
	
	
	


	
	
	10+ Days
	04/14/2026
	Aleks test Team 1
	RELEASE INFORMATION
	New
	TestNewDB, AUSTROBER
	260227121430336
	ADR TPE 1
	02/27/2026
	002100863166
	
	atest
	08/25/2016
	02/27/2026
	
	
	
	


	
	
	10+ Days
	03/30/2026
	EM ROI Team
	DISCUSSION DECISION
	Discussion
	DiscussionOwner, Test
	260227093936229
	Abs1
	02/27/2026
	14533
	
	atest
	
	02/25/2026
	
	
	
	


	
	
3
	10+ Days
	04/14/2026
	Emtpy Team
	RELEASE INFORMATION
	New
	THOMAS, NORMAN
	260227093457262
	ADR Prepay
	02/27/2026
	00280006917687
	
	AS Test Facilty for 105718
	08/25/2016
	02/27/2026
	
	
	
	


	
	
	10+ Days
	03/29/2026
	Nobody Home
	AUDITOR DECISION
	New
	am-em1, test
	260226102223530
	ADR TPE 1
	02/26/2026
	bbbbbbbbbb
	
	Community General North
	
	02/17/2026
	
	
	
	


	
	
	10+ Days
	04/01/2026
	Emtpy Team
	RELEASE INFORMATION
	New
	ks, test
	260226085937844
	ADR TPE 1
	02/26/2026
	aaaaaaa
	
	Community General
	
	02/14/2026
	
	
	
	


	
	
	Overdue
	03/13/2026
	Emtpy Team
	FILE DISCUSSION
	Discussion
	e-delivery, mapping
	260226050010326
	Abs1
	02/26/2026
	65768767
	
	aayush
	02/01/2026
	02/10/2026
	
	
	
	


	
	
	10+ Days
	03/28/2026
	Emtpy Team
	CLOSE AUDIT
	Close
	mapping, test
	260226051256716
	Abs1
	02/26/2026
	665576576
	
	AS Test Facilty for 105718
	02/01/2026
	02/11/2026
	
	
	
	Audit Cancelled/Ineligible


	
	
	Overdue
	02/06/2026
	Emtpy Team
	RELEASE INFORMATION
	New
	supp-doc, test-am-em
	260225145149813
	Abs1
	02/25/2026
	345354435
	
	Community General North
	
	02/01/2026
	
	
	
	


	
	
	Overdue
	02/06/2026
	Emtpy Team
	RELEASE INFORMATION
	New
	supp-doc, test-am-em
	260225140533599
	Abs1
	02/25/2026
	345345354
	
	Community General North
	
	02/01/2026
	
	
	
	


	
	
	10+ Days
	03/28/2026
	Emtpy Team
	AUDITOR DECISION
	New
	snykSanityCheck, test
	260225111345128
	ADR Prepay
	02/25/2026
	5665765767
	
	Community General North
	02/11/2026
	02/11/2026
	
	
	
	


	
	
	10+ Days
	04/01/2026
	Emtpy Team
	RELEASE INFORMATION
	New
	am-em, component
	260225090025329
	ADR TPE 1
	02/25/2026
	aaaaaaaa
	
	Community General
	
	02/14/2026
	
	
	
	


	
	
	10+ Days
	04/10/2026
	Emtpy Team
	RELEASE INFORMATION
	New
	MILFORD, DOROTHY
	260224110403697
	ADR TPE 1
	02/24/2026
	0012026601
	
	123689_amem-peerreview
	08/01/2016
	02/23/2026
	
	
	
	


	
	
	Overdue
	02/06/2026
	Emtpy Team
	RELEASE INFORMATION
	New
	comp-doc, test-am-em
	260224081017993
	Abs1
	02/24/2026
	4545345
	
	Community General North
	
	02/01/2026
	
	
	
	


	
	
	10+ Days
	04/03/2026
	Emtpy Team
	RELEASE INFORMATION
	New
	abhiTestTwo, abhiTestOne
	260224081109224
	ADR Prepay
	02/24/2026
	12123124112
	
	Community General
	
	02/16/2026
	
	
	
	


	
	
	Overdue
	02/06/2026
	Emtpy Team
	RELEASE INFORMATION
	New
	comp-create, test-am
	260224074531579
	Abs1
	02/24/2026
	34545354
	
	Community General North
	
	02/01/2026
	
	
	
	


	
	
	Overdue
	02/06/2026
	Emtpy Team
	RELEASE INFORMATION
	New
	comp-doc, test-am-em
	260224061548314
	Abs1
	02/24/2026
	3242442423432
	
	Community General North
	
	02/01/2026
	
	
	
	


	
	
	10+ Days
	04/20/2026
	Emtpy Team
	RELEASE INFORMATION
	New
	New, Test FTP
	260223111220030
	Cotiviti DRG
	02/23/2026
	567876543
	
	AS Test Facilty for 105718
	
	02/23/2026
	
	
	
	


	
	
	10+ Days
	04/09/2026
	Emtpy Team
	RELEASE INFORMATION
	New
	BOARDWELL, VIVIAN
	260223105446210
	ADR TPE 3
	02/23/2026
	0012007301
	
	123689_amem-peerreview
	08/01/2016
	02/22/2026
	
	
	
	


	
	
1
	10+ Days
	04/09/2026
	Emtpy Team
	RELEASE INFORMATION
	New
	BRADWAY, DIANE
	260223105400831
	ADR TPE 3
	02/23/2026
	0026008051
	
	123689_amem-peerreview
	08/27/2016
	02/22/2026
	
	
	
	


	
	
1
	10+ Days
	04/09/2026
	Emtpy Team
	RELEASE INFORMATION
	New
	BROWN, RUTH
	260223105253430
	ADR TPE 3
	02/23/2026
	00530030310
	
	123689_amem-peerreview
	09/12/2016
	02/22/2026
	
	
	
	


	
	
1
	10+ Days
	04/09/2026
	Aleks test Team 1
	RELEASE INFORMATION
	New
	BEEKS, REBECCA
	260223104915830
	ADR TPE 2
	02/23/2026
	0011035121
	
	atest
	08/04/2016
	02/22/2026
	
	
	
	


	
	
	10+ Days
	04/06/2026
	Emtpy Team
	RELEASE INFORMATION
	New
	ks1, test
	260223094304606
	ADR TPE 1
	02/23/2026
	nnnnnnn
	
	Community General
	
	02/19/2026
	
	
	
	


	
	
	10+ Days
	04/06/2026
	Emtpy Team
	RELEASE INFORMATION
	New
	ks, test
	260223094058016
	ADR TPE 1
	02/23/2026
	aaaaaaaaaaaa
	
	Community General
	
	02/19/2026
	
	
	
	


	
	
	10+ Days
	03/28/2026
	Emtpy Team
	RELEASE INFORMATION
	New
	t23, t23
	260223060445937
	ADR TPE 1
	02/23/2026
	7657544557745456547
	
	Community General North
	
	02/10/2026
	
	
	
	


	
	
	10+ Days
	04/06/2026
	Emtpy Team
	RELEASE INFORMATION
	New
	SMITH, TRACEY
	260223064215258
	ADR Prepay
	02/23/2026
	1992601
	
	aayush
	03/09/2016
	02/19/2026
	
	
	
	


	
	
	10+ Days
	03/29/2026
	Emtpy Team
	RELEASE INFORMATION
	New
	SMITH, BARBARA
	260223063617866
	ADR TPE 2
	02/23/2026
	1750320
	
	aayush
	04/18/2016
	02/11/2026
	
	
	
	


	
	
	10+ Days
	03/29/2026
	Emtpy Team
	RELEASE INFORMATION
	New
	SMITH, BRENDA
	260223063520483
	ADR TPE 2
	02/23/2026
	1756977
	
	aayush
	04/27/2016
	02/11/2026
	
	
	
	


	
	
	10+ Days
	04/06/2026
	Emtpy Team
	RELEASE INFORMATION
	New
	SMITH, JOHN
	260223063400695
	ADR Prepay
	02/23/2026
	1776805
	
	aayush
	05/31/2016
	02/19/2026
	
	
	
	


	
	
	10+ Days
	03/28/2026
	Emtpy Team
	RELEASE INFORMATION
	New
	adad, ad
	260223055544935
	ADR Prepay
	02/23/2026
	121212
	
	Community General North
	
	02/10/2026
	
	
	
	


	
	
	Overdue
	02/06/2026
	Emtpy Team
	RELEASE INFORMATION
	New
	testwithoutdoc, test
	260223050131234
	Abs1
	02/23/2026
	456464
	
	Community General North
	
	02/01/2026
	
	
	
	


	
	
	Overdue
	02/06/2026
	Emtpy Team
	RELEASE INFORMATION
	New
	test, test
	260223045758352
	Abs1
	02/23/2026
	34534543
	
	Community General North
	
	02/01/2026
	
	
	
	


	
	
	0-5 Days
	03/22/2026
	Nobody Home
	AUDITOR DECISION
	New
	am-em, chart receipt
	260219094147853
	ADR TPE 1
	02/19/2026
	qqqqq
	
	123689_amem-peerreview
	
	02/18/2026
	
	
	
	


	
	
	10+ Days
	04/06/2026
	Nobody Home
	CHART RECEIPT DATE
	New
	am-em, failed auditor1
	260219091436991
	ADR TPE 1
	02/19/2026
	aaaaa
	
	123689_amem-peerreview
	
	02/18/2026
	
	
	
	


	
	
	10+ Days
	04/06/2026
	Nobody Home
	RELEASE INFORMATION
	New
	am-em, auditor
	260219090250979
	ADR TPE 1
	02/19/2026
	aaaaaaa
	
	aayush
	
	02/18/2026
	
	
	
	


	
	
	10+ Days
	04/01/2026
	Nobody Home
	RELEASE INFORMATION
	New
	decision, release1
	260219085835707
	ADR TPE 1
	02/19/2026
	aaaaaaaa
	
	aayush
	
	02/14/2026
	
	
	
	


	
	
	10+ Days
	04/01/2026
	Emtpy Team
	RELEASE INFORMATION
	New
	am-em, release
	260219083633420
	ADR TPE 1
	02/19/2026
	zzzzz
	
	Community General
	
	02/13/2026
	
	
	
	


	
	
	10+ Days
	03/31/2026
	Nobody Home
	CHART RECEIPT DATE
	New
	am-em, chart receipt
	260219083949622
	ADR TPE 1
	02/19/2026
	mmmm
	
	Community General
	
	02/11/2026
	
	
	
	


	
	
	Overdue
	02/26/2026
	Nobody Home
	PRE-DECISION REVIEW
	New
	am-em, pre deicison
	260219083511015
	ADR TPE 1
	02/19/2026
	aaaaaaa
	
	Community General
	
	02/14/2026
	
	
	
	


	
	
	Overdue
	02/25/2026
	Nobody Home
	COMPILE RECORD
	New
	am-em, compile
	260219083313796
	ADR TPE 1
	02/19/2026
	aaaaaaaa
	
	Community General
	
	02/18/2026
	
	
	
	


	
	
	6-10 Days
	03/27/2026
	Audit Supervisor
	RELEASE INFORMATION
	New
	llnn, ffnn
	260219051552992
	ADR TPE 1
	02/19/2026
	12121243434535
	
	Community General
	
	02/09/2026
	
	
	
	


	
	
	10+ Days
	04/04/2026
	Emtpy Team
	RELEASE INFORMATION
	New
	er, er
	260219052014308
	ADR Prepay
	02/19/2026
	76865868
	
	123689_amem-peerreview
	
	02/17/2026
	
	
	
	


	
	
	Overdue
	02/25/2026
	Emtpy Team
	COMPILE RECORD
	New
	ln, fn
	260219051407697
	ADR Prepay
	02/19/2026
	12121212
	
	Community General
	
	02/17/2026
	
	
	
	


	
	
	Overdue
	02/25/2026
	Aleks test Team 1
	COMPILE RECORD
	New
	qa, qa
	260218133140177
	ADR Prepay
	02/18/2026
	12121
	
	Community General South
	
	02/03/2026
	
	
	
	


	
	
	Overdue
	02/26/2026
	Emtpy Team
	COMPILE RECORD
	New
	sa, sa
	260218133002905
	ADR TPE 1
	02/18/2026
	23242
	
	Community General
	
	02/09/2026
	
	
	
	


	
	
	10+ Days
	04/04/2026
	Emtpy Team
	RELEASE INFORMATION
	New
	AbhiLastThree, AbhiThree
	260218130855998
	ADR TPE 1
	02/18/2026
	2321232412
	
	Community General
	
	02/17/2026
	
	
	
	


	
	
	Overdue
	02/25/2026
	Aleks test Team 1
	COMPILE RECORD
	New
	TestAbhiLast2, TestAbhi2
	260218130523902
	ADR Prepay
	02/18/2026
	12423221424
	
	Community General South
	
	02/17/2026
	
	
	
	


	
	
	10+ Days
	04/03/2026
	Emtpy Team
	RELEASE INFORMATION
	New
	am-em, testks
	260218130139969
	ADR TPE 1
	02/18/2026
	aaaaaaaaaa
	
	123689_amem-peerreview
	
	02/16/2026
	
	
	
	


	
	
	10+ Days
	04/01/2026
	Emtpy Team
	RELEASE INFORMATION
	New
	am-em1, test
	260218104127348
	ADR TPE 1
	02/18/2026
	aaaaaaaa
	
	Community General
	
	02/14/2026
	
	
	
	


	
	
	Overdue
	02/26/2026
	Emtpy Team
	COMPILE RECORD
	New
	test1826, test1826
	260218103635789
	ADR TPE 2
	02/18/2026
	12121212
	
	Community General
	
	02/09/2026
	
	
	
	


	
	
	10+ Days
	03/29/2026
	Emtpy Team
	RELEASE INFORMATION
	New
	test18, test18
	260218103329732
	ADR Prepay
	02/18/2026
	4535345
	
	Community General North
	
	02/10/2026
	
	
	
	


	
	
	Overdue
	02/21/2026
	Aleks test Team 2
	COMPILE RECORD
	New
	test, test
	260218102134685
	Abs1
	02/18/2026
	24332234234
	
	Community General North
	
	02/01/2026
	
	
	
	


	
	
	Overdue
	02/26/2026
	Emtpy Team
	COMPILE RECORD
	New
	test18_2_26, test18_2_26
	260218094733557
	ADR TPE 1
	02/18/2026
	34343434
	
	Community General
	
	02/17/2026
	
	
	
	


	
	
	Overdue
	02/25/2026
	Aleks test Team 1
	COMPILE RECORD
	New
	test2, test2
	260218094157803
	ADR Prepay
	02/18/2026
	98765432
	
	Community General North
	
	02/04/2026
	
	
	
	


	
	
	0-5 Days
	03/18/2026
	Test Team
	RELEASE INFORMATION
	New
	test as, test rem compile recor
	260131062502815
	ADR TPE 1
	01/31/2026
	123455
	
	Community General North
	
	01/31/2026
	
	
	
	
Showing 1 to 100 of 13087
12345
100

© 2026 MRO, Confidential, all rights reserved. | Version: 122162
JS_MATCH=APP-ROOT||2
Another Client
ST
Advanced Search
Reports
Settings
Incoming Queue
Claims Queue
Audits Queue
Closed Audits
New Audit
Select View
MANAGE VIEW
20 columns selected
CLEAR
	
Post
	
Letters
	
Urgency
	
Due Date
	
Assigned To
	
Task
	
Stage
	
Patient
	
Audit ID
	
Audit Type
	
Created Date
	
Account
	
Audit Letter ID
	
Facility
	
Admit Date
	
Audit Letter Date
	
Audit Reason
	
Decision
	
Decision Reason Detail
	
Decision Reason


	
	
	Overdue
	03/15/2026
	Emtpy Team
	RELEASE INFORMATION
	New
	am-em, test
	260316145931448
	Abs1
	03/16/2026
	465567576
	
	Community General North
	03/03/2026
	03/10/2026
	Claim Closure/Audit Withdrawn by Auditor
	
	
	


	
	
	Overdue
	03/16/2026
	Emtpy Team
	RELEASE INFORMATION
	New
	am-em, test
	260316134527331
	Abs1
	03/16/2026
	545454545
	
	Community General North
	03/01/2026
	03/11/2026
	Claim Closure/Audit Withdrawn by Auditor
	
	
	


	
	
	Overdue
	03/01/2026
	NewFoneWhodis
	APPEAL DECISION (LEVEL 1)
	Appeal 1
	Test, Load
	240120111800830
	ADR
	01/20/2024
	123456789
	12132132132
	Community General North
	01/01/2024
	01/01/2024
	Claim Closure/Audit Withdrawn by Auditor
	
	1 Day Stay Billed As IP
	Clinical Validation


	
	
	10+ Days
	05/04/2026
	Emtpy Team
	RELEASE INFORMATION
	New
	component, am-em
	260316110442762
	ADR TPE 1
	03/16/2026
	aaaaaaaaaaa
	
	Community General North
	
	03/19/2026
	CCI
	
	
	


	
	
	10+ Days
	05/04/2026
	Emtpy Team
	RELEASE INFORMATION
	New
	SMITH, BARBARA
	260316105957295
	ADR Prepay
	03/16/2026
	1750320
	
	aayush
	04/18/2016
	03/19/2026
	CCI
	
	
	


	
	
	Overdue
	06/25/2024
	Emtpy Team
	FILE APPEAL (LEVEL 4)
	Appeal 4
	Garcia-Lopez, Emiliano
	220503131851007
	RAC-C
	04/25/2022
	44440005
	666600001
	Community General
	01/04/2021
	02/01/2021
	DRG Validation
	
	2 Midnight Rule
	Coding and Medical Necessity


	
	
	N/A
	
	Destroyers
	AUDITOR DECISION
	New
	Garcia, Benjamin
	220503131851004
	RAC-C
	04/25/2022
	44440002
	123letterId
	Community General
	10/14/2025
	08/26/2022
	CCI
	
	Discharge Status Error
	Claim Submission Error


	
	
	10+ Days
	04/13/2026
	KJ Workflow Team
	APPEAL DECISION (LEVEL 2)
	Appeal 2
	audit, test
	241202075723468
	AETNA
	12/02/2024
	123444
	
	v A new test facility r
	
	12/01/2024
	
	
	
	Clinical Validation


	
	
	10+ Days
	05/09/2026
	Audit Supervisor
	FILE APPEAL (LEVEL 1)
	Appeal 1
	Steinberg, Maximillian
	260313123640598
	RAC-C
	03/13/2026
	POTest125409
	
	Community General
	03/09/2026
	03/10/2026
	Diagnosis
	
	1 Day Stay Billed As IP
	Claim Submission Error


	
	
	10+ Days
	05/04/2026
	Emtpy Team
	RELEASE INFORMATION
	New
	component2, test
	260304052423632
	ADR TPE 1
	03/04/2026
	ccc
	
	Community General
	
	03/19/2026
	Coding-DRG
	
	
	


	
	
	Overdue
	01/10/2025
	Nobody Home
	DRAFT RESPONSE LETTER (LEVEL 1)
	Appeal 1
	boobo, billy
	221116143657482
	RAC-C
	11/16/2022
	1234wdsfa43
	43244
	Community General
	
	11/02/2022
	Claim Closure/Audit Withdrawn by Auditor
	Partially Favorable
	
	Claim Submission Error


	
	
	0-5 Days
	03/21/2026
	Audit Supervisor
	AUDITOR DECISION
	New
	TWENTIER, MARY
	260130143637206
	ADR TPE 1
	01/30/1991
	1626162
	
	aayush
	10/27/2016
	01/30/2026
	CPT or HCPCS
	
	
	Clinical Validation


	
	
	10+ Days
	04/27/2026
	Emtpy Team
	RELEASE INFORMATION
	New
	MILFORD, DOROTHY
	260313074006675
	ADR Prepay
	03/13/2026
	0012026601
	
	aayush
	08/01/2016
	03/12/2026
	CPT or HCPCS
	
	
	


	
	
	Overdue
	03/15/2026
	Emtpy Team
	COMPILE RECORD
	New
	SMITH, DANIELLE
	260313073758915
	Abs1
	03/13/2026
	13456gg
	
	aayush
	12/29/2016
	03/12/2026
	CPT or HCPCS
	
	
	


	
	
	Overdue
	03/11/2024
	NewFoneWhodis
	FILE DISCUSSION
	Discussion
	load, AMtest
	240120124032095
	Abs1
	01/20/2024
	1601409
	2264641564654
	Community General
	01/25/2024
	01/01/2024
	Charge Accuracy
	
	Admission Status Error
	Clinical Validation


	
	
	Overdue
	06/01/2024
	Emtpy Team
	FILE APPEAL (LEVEL 1)
	Appeal 1
	t, t
	221229134218517
	Abs1
	12/30/2022
	e
	123456
	Community General North
	
	12/05/2022
	Claim Closure/Audit Withdrawn by Auditor
	
	
	


	
	
	Overdue
	03/10/2025
	automation team
	RELEASE INFORMATION
	New
	PATRICIA, SMITH
	250124105724018
	Abs1
	01/24/2025
	ExternalCauseOP1
	
	v A new test facility r
	12/31/1899
	01/23/2025
	Coding-DRG
	
	
	


	
	
	Overdue
	03/15/2026
	Emtpy Team
	APPROVE RESPONSE LETTER (LEVEL 1)
	Appeal 1
	Audit, ChartNo
	260313051231117
	Abs1
	03/13/2026
	1234567890e
	
	Community General
	
	
	CPT or HCPCS
	
	
	


	
	
	Overdue
	03/15/2026
	Aleks test Team 2
	COMPILE RECORD
	New
	chartNo, test
	260313051052804
	Abs1
	03/13/2026
	14098765432
	
	atest
	
	03/12/2026
	CPT or HCPCS
	
	
	


	
	
	10+ Days
	04/13/2026
	Nobody Home
	AUDITOR DECISION
	New
	SMITH, JAMES
	241127150523147
	AETNA
	11/27/2024
	2391430
	
	aayush
	08/13/2016
	10/30/2024
	
	
	
	


	
	
	10+ Days
	04/13/2026
	Emtpy Team
	AUDITOR DECISION
	New
	OneDuplicate, Test
	241212143917264
	Abs1
	12/12/2024
	1234512
	
	aayush
	
	12/11/2024
	
	
	
	


	
	
	10+ Days
	04/13/2026
	Nobody Home
	AUDITOR DECISION
	New
	SMITH, JAMES
	241127134543714
	AETNA
	11/27/2024
	2391430
	
	aayush
	08/13/2016
	10/30/2024
	
	
	
	


	
	
	10+ Days
	04/13/2026
	Nobody Home
	AUDITOR DECISION
	New
	SMYKSY, DANIEL
	260303083506653
	ADR Prepay
	03/03/2026
	2581094
	
	aayush
	04/12/2016
	03/18/2026
	
	
	
	


	
	
	10+ Days
	04/13/2026
	Aleks test Team 1
	AUDITOR DECISION
	New
	SMITH, testfirst3
	241219090945980
	Amerihealth
	12/19/2024
	2580519
	
	aayush
	04/12/2016
	11/29/2024
	
	
	
	


	
	
	10+ Days
	04/13/2026
	Aniket_Test
	AUDITOR DECISION
	New
	thorat, swapnil
	241205073137036
	AETNA
	12/05/2024
	25878956
	
	aayush
	
	12/02/2024
	
	
	
	


	
	
	10+ Days
	04/13/2026
	Asiya's Team
	AUDITOR DECISION
	New
	SMITH, BRENDA
	241203102029622
	Abs1
	12/03/2024
	1697565m
	
	aayush
	02/15/2016
	12/02/2024
	
	
	
	


	
	
	10+ Days
	04/13/2026
	Asiya's Team
	AUDITOR DECISION
	New
	create, test
	241202052057433
	Abs1
	12/02/2024
	12345634
	
	aayush
	
	11/30/2024
	
	
	
	


	
	
	10+ Days
	04/13/2026
	Nobody Home
	AUDITOR DECISION
	New
	SMITH, JAMES
	241127134154575
	AETNA
	11/27/2024
	2391430
	
	aayush
	08/13/2016
	10/30/2024
	
	
	
	


	
	
	10+ Days
	04/13/2026
	Emtpy Team
	AUDITOR DECISION
	New
	ALFORD, BEVERLY
	241127052400841
	BCBS - Pre Pay
	11/27/2024
	9143005467
	20230720103810103
	aayush
	10/10/2024
	03/02/2025
	
	
	
	


	
	
	10+ Days
	03/29/2026
	Nobody Home
	AUDITOR DECISION
	New
	am-em, test
	260226101924690
	ADR TPE 1
	02/26/2026
	aaaaaa
	
	Community General
	03/08/2026
	02/18/2026
	Diagnosis
	
	
	


	
	
	Overdue
	03/07/2026
	Nandan Test Updated
	CLOSE AUDIT
	Close
	test after -1 removal, test after -1 removal
	260204072632261
	ADR Prepay
	02/04/2026
	2345678
	
	Community General
	
	
	
	Overturned in Favor of Provider
	
	


	
	
	Overdue
	03/14/2026
	Aleks test Team 2
	COMPILE RECORD
	New
	testmrn, test22
	260311183803460
	Abs1
	03/12/2026
	1235456
	
	aayush
	
	03/10/2026
	CPT or HCPCS
	
	
	


	
	
	Overdue
	03/14/2026
	Aleks test Team 2
	COMPILE RECORD
	New
	test, testrq
	260311183448123
	BMC HealthNet
	03/12/2026
	454545454
	
	123689_amem-peerreview
	
	03/10/2026
	Diagnosis
	
	
	


	
	
	Overdue
	02/09/2026
	Emtpy Team
	RELEASE INFORMATION
	New
	em-comp-doc-create, 123022-peer-review
	260224130124948
	Abs1
	02/24/2026
	54645654
	
	Community General North
	
	02/04/2026
	CPT or HCPCS
	
	
	


	
	
	10+ Days
	04/26/2026
	Audit Supervisor
	RELEASE INFORMATION
	New
	SMITH, WILLIAM
	260311042215286
	ADR Prepay
	03/11/2026
	100000610665768
	
	atest
	03/03/2024
	03/11/2026
	Diagnosis
	
	
	


	
	
	Overdue
	10/18/2025
	Audit Supervisor
	AUDITOR DECISION
	New
	WHITE, HAROLD
	251016223617896
	ADR Prepay
	10/17/2025
	90920259011
	
	Community General North
	10/28/2016
	
	
	
	
	Clinical Validation


	
	
	10+ Days
	04/24/2026
	Emtpy Team
	RELEASE INFORMATION
	New
	WHITE, HAROLD
	260309152609164
	RAC
	03/09/2026
	9092025901
	
	123689_amem-peerreview
	10/28/2016
	03/09/2026
	
	
	
	


	
	
1
	Overdue
	02/24/2026
	Hopf Team
	AUDITOR DECISION
	New
	ANDERSON , GILBERT
	260218142428350
	RAC-C
	02/18/2026
	0013018271
	
	Community General South
	08/03/2016
	02/17/2026
	
	
	
	


	
	
	Overdue
	12/27/2024
	Nobody Home
	CHART RECEIPT DATE
	New
	abc, test
	241114093330710
	Abs1
	11/14/2024
	1231231231
	
	v A new test facility r
	11/03/2024
	11/10/2024
	
	
	
	


	
	
	10+ Days
	04/26/2026
	Washington & West
	FILE DISCUSSION
	Discussion
	em1, test
	260309065927664
	ADR Prepay
	03/09/2026
	aaaaaaa
	
	AS Test Facilty for 105718
	
	03/18/2026
	
	
	
	


	
	
	10+ Days
	05/04/2026
	Emtpy Team
	RELEASE INFORMATION
	New
	component1, test
	260304052200694
	ADR TPE 1
	03/04/2026
	aaaaaaaaaa
	
	Community General
	
	03/19/2026
	
	
	
	


	
	
	10+ Days
	05/04/2026
	Emtpy Team
	RELEASE INFORMATION
	New
	ks, test
	260303053054263
	ADR TPE 1
	03/03/2026
	account
	
	Community General
	
	03/19/2026
	
	
	
	


	
	
	10+ Days
	05/04/2026
	Emtpy Team
	RELEASE INFORMATION
	New
	test-am-em, test supp-doc
	260303052842757
	ADR TPE 1
	03/03/2026
	account
	
	Community General
	
	03/19/2026
	
	
	
	


	
	
	Overdue
	03/08/2026
	Nobody Home
	COMPILE RECORD
	New
	ks, test
	260302150904675
	ADR Prepay
	03/02/2026
	aa
	
	Community General
	
	03/13/2026
	
	
	
	


	
	
	10+ Days
	05/03/2026
	Nobody Home
	RELEASE INFORMATION
	New
	am-em modify, username
	260302135810854
	ADR Prepay
	03/02/2026
	account
	
	Community General
	
	03/18/2026
	
	
	
	


	
	
	10+ Days
	04/17/2026
	Nobody Home
	FILE DISCUSSION
	Discussion
	am-em, test
	260302055841792
	ADR TPE 1
	03/02/2026
	aaaaaaaa
	
	Community General
	
	03/18/2026
	
	
	
	


	
	
	10+ Days
	04/14/2026
	Aleks test Team 1
	RELEASE INFORMATION
	New
	TestNewDB, AUSTROBER
	260227121430336
	ADR TPE 1
	02/27/2026
	002100863166
	
	atest
	08/25/2016
	02/27/2026
	
	
	
	


	
	
	10+ Days
	03/30/2026
	EM ROI Team
	DISCUSSION DECISION
	Discussion
	DiscussionOwner, Test
	260227093936229
	Abs1
	02/27/2026
	14533
	
	atest
	
	02/25/2026
	
	
	
	


	
	
3
	10+ Days
	04/14/2026
	Emtpy Team
	RELEASE INFORMATION
	New
	THOMAS, NORMAN
	260227093457262
	ADR Prepay
	02/27/2026
	00280006917687
	
	AS Test Facilty for 105718
	08/25/2016
	02/27/2026
	
	
	
	


	
	
	10+ Days
	03/29/2026
	Nobody Home
	AUDITOR DECISION
	New
	am-em1, test
	260226102223530
	ADR TPE 1
	02/26/2026
	bbbbbbbbbb
	
	Community General North
	
	02/17/2026
	
	
	
	


	
	
	10+ Days
	04/01/2026
	Emtpy Team
	RELEASE INFORMATION
	New
	ks, test
	260226085937844
	ADR TPE 1
	02/26/2026
	aaaaaaa
	
	Community General
	
	02/14/2026
	
	
	
	


	
	
	Overdue
	03/13/2026
	Emtpy Team
	FILE DISCUSSION
	Discussion
	e-delivery, mapping
	260226050010326
	Abs1
	02/26/2026
	65768767
	
	aayush
	02/01/2026
	02/10/2026
	
	
	
	


	
	
	10+ Days
	03/28/2026
	Emtpy Team
	CLOSE AUDIT
	Close
	mapping, test
	260226051256716
	Abs1
	02/26/2026
	665576576
	
	AS Test Facilty for 105718
	02/01/2026
	02/11/2026
	
	
	
	Audit Cancelled/Ineligible


	
	
	Overdue
	02/06/2026
	Emtpy Team
	RELEASE INFORMATION
	New
	supp-doc, test-am-em
	260225145149813
	Abs1
	02/25/2026
	345354435
	
	Community General North
	
	02/01/2026
	
	
	
	


	
	
	Overdue
	02/06/2026
	Emtpy Team
	RELEASE INFORMATION
	New
	supp-doc, test-am-em
	260225140533599
	Abs1
	02/25/2026
	345345354
	
	Community General North
	
	02/01/2026
	
	
	
	


	
	
	10+ Days
	03/28/2026
	Emtpy Team
	AUDITOR DECISION
	New
	snykSanityCheck, test
	260225111345128
	ADR Prepay
	02/25/2026
	5665765767
	
	Community General North
	02/11/2026
	02/11/2026
	
	
	
	


	
	
	10+ Days
	04/01/2026
	Emtpy Team
	RELEASE INFORMATION
	New
	am-em, component
	260225090025329
	ADR TPE 1
	02/25/2026
	aaaaaaaa
	
	Community General
	
	02/14/2026
	
	
	
	


	
	
	10+ Days
	04/10/2026
	Emtpy Team
	RELEASE INFORMATION
	New
	MILFORD, DOROTHY
	260224110403697
	ADR TPE 1
	02/24/2026
	0012026601
	
	123689_amem-peerreview
	08/01/2016
	02/23/2026
	
	
	
	


	
	
	Overdue
	02/06/2026
	Emtpy Team
	RELEASE INFORMATION
	New
	comp-doc, test-am-em
	260224081017993
	Abs1
	02/24/2026
	4545345
	
	Community General North
	
	02/01/2026
	
	
	
	


	
	
	10+ Days
	04/03/2026
	Emtpy Team
	RELEASE INFORMATION
	New
	abhiTestTwo, abhiTestOne
	260224081109224
	ADR Prepay
	02/24/2026
	12123124112
	
	Community General
	
	02/16/2026
	
	
	
	


	
	
	Overdue
	02/06/2026
	Emtpy Team
	RELEASE INFORMATION
	New
	comp-create, test-am
	260224074531579
	Abs1
	02/24/2026
	34545354
	
	Community General North
	
	02/01/2026
	
	
	
	


	
	
	Overdue
	02/06/2026
	Emtpy Team
	RELEASE INFORMATION
	New
	comp-doc, test-am-em
	260224061548314
	Abs1
	02/24/2026
	3242442423432
	
	Community General North
	
	02/01/2026
	
	
	
	


	
	
	10+ Days
	04/20/2026
	Emtpy Team
	RELEASE INFORMATION
	New
	New, Test FTP
	260223111220030
	Cotiviti DRG
	02/23/2026
	567876543
	
	AS Test Facilty for 105718
	
	02/23/2026
	
	
	
	


	
	
	10+ Days
	04/09/2026
	Emtpy Team
	RELEASE INFORMATION
	New
	BOARDWELL, VIVIAN
	260223105446210
	ADR TPE 3
	02/23/2026
	0012007301
	
	123689_amem-peerreview
	08/01/2016
	02/22/2026
	
	
	
	


	
	
1
	10+ Days
	04/09/2026
	Emtpy Team
	RELEASE INFORMATION
	New
	BRADWAY, DIANE
	260223105400831
	ADR TPE 3
	02/23/2026
	0026008051
	
	123689_amem-peerreview
	08/27/2016
	02/22/2026
	
	
	
	


	
	
1
	10+ Days
	04/09/2026
	Emtpy Team
	RELEASE INFORMATION
	New
	BROWN, RUTH
	260223105253430
	ADR TPE 3
	02/23/2026
	00530030310
	
	123689_amem-peerreview
	09/12/2016
	02/22/2026
	
	
	
	


	
	
1
	10+ Days
	04/09/2026
	Aleks test Team 1
	RELEASE INFORMATION
	New
	BEEKS, REBECCA
	260223104915830
	ADR TPE 2
	02/23/2026
	0011035121
	
	atest
	08/04/2016
	02/22/2026
	
	
	
	


	
	
	10+ Days
	04/06/2026
	Emtpy Team
	RELEASE INFORMATION
	New
	ks1, test
	260223094304606
	ADR TPE 1
	02/23/2026
	nnnnnnn
	
	Community General
	
	02/19/2026
	
	
	
	


	
	
	10+ Days
	04/06/2026
	Emtpy Team
	RELEASE INFORMATION
	New
	ks, test
	260223094058016
	ADR TPE 1
	02/23/2026
	aaaaaaaaaaaa
	
	Community General
	
	02/19/2026
	
	
	
	


	
	
	10+ Days
	03/28/2026
	Emtpy Team
	RELEASE INFORMATION
	New
	t23, t23
	260223060445937
	ADR TPE 1
	02/23/2026
	7657544557745456547
	
	Community General North
	
	02/10/2026
	
	
	
	


	
	
	10+ Days
	04/06/2026
	Emtpy Team
	RELEASE INFORMATION
	New
	SMITH, TRACEY
	260223064215258
	ADR Prepay
	02/23/2026
	1992601
	
	aayush
	03/09/2016
	02/19/2026
	
	
	
	


	
	
	10+ Days
	03/29/2026
	Emtpy Team
	RELEASE INFORMATION
	New
	SMITH, BARBARA
	260223063617866
	ADR TPE 2
	02/23/2026
	1750320
	
	aayush
	04/18/2016
	02/11/2026
	
	
	
	


	
	
	10+ Days
	03/29/2026
	Emtpy Team
	RELEASE INFORMATION
	New
	SMITH, BRENDA
	260223063520483
	ADR TPE 2
	02/23/2026
	1756977
	
	aayush
	04/27/2016
	02/11/2026
	
	
	
	


	
	
	10+ Days
	04/06/2026
	Emtpy Team
	RELEASE INFORMATION
	New
	SMITH, JOHN
	260223063400695
	ADR Prepay
	02/23/2026
	1776805
	
	aayush
	05/31/2016
	02/19/2026
	
	
	
	


	
	
	10+ Days
	03/28/2026
	Emtpy Team
	RELEASE INFORMATION
	New
	adad, ad
	260223055544935
	ADR Prepay
	02/23/2026
	121212
	
	Community General North
	
	02/10/2026
	
	
	
	


	
	
	Overdue
	02/06/2026
	Emtpy Team
	RELEASE INFORMATION
	New
	testwithoutdoc, test
	260223050131234
	Abs1
	02/23/2026
	456464
	
	Community General North
	
	02/01/2026
	
	
	
	


	
	
	Overdue
	02/06/2026
	Emtpy Team
	RELEASE INFORMATION
	New
	test, test
	260223045758352
	Abs1
	02/23/2026
	34534543
	
	Community General North
	
	02/01/2026
	
	
	
	


	
	
	0-5 Days
	03/22/2026
	Nobody Home
	AUDITOR DECISION
	New
	am-em, chart receipt
	260219094147853
	ADR TPE 1
	02/19/2026
	qqqqq
	
	123689_amem-peerreview
	
	02/18/2026
	
	
	
	


	
	
	10+ Days
	04/06/2026
	Nobody Home
	CHART RECEIPT DATE
	New
	am-em, failed auditor1
	260219091436991
	ADR TPE 1
	02/19/2026
	aaaaa
	
	123689_amem-peerreview
	
	02/18/2026
	
	
	
	


	
	
	10+ Days
	04/06/2026
	Nobody Home
	RELEASE INFORMATION
	New
	am-em, auditor
	260219090250979
	ADR TPE 1
	02/19/2026
	aaaaaaa
	
	aayush
	
	02/18/2026
	
	
	
	


	
	
	10+ Days
	04/01/2026
	Nobody Home
	RELEASE INFORMATION
	New
	decision, release1
	260219085835707
	ADR TPE 1
	02/19/2026
	aaaaaaaa
	
	aayush
	
	02/14/2026
	
	
	
	


	
	
	10+ Days
	04/01/2026
	Emtpy Team
	RELEASE INFORMATION
	New
	am-em, release
	260219083633420
	ADR TPE 1
	02/19/2026
	zzzzz
	
	Community General
	
	02/13/2026
	
	
	
	


	
	
	10+ Days
	03/31/2026
	Nobody Home
	CHART RECEIPT DATE
	New
	am-em, chart receipt
	260219083949622
	ADR TPE 1
	02/19/2026
	mmmm
	
	Community General
	
	02/11/2026
	
	
	
	


	
	
	Overdue
	02/26/2026
	Nobody Home
	PRE-DECISION REVIEW
	New
	am-em, pre deicison
	260219083511015
	ADR TPE 1
	02/19/2026
	aaaaaaa
	
	Community General
	
	02/14/2026
	
	
	
	


	
	
	Overdue
	02/25/2026
	Nobody Home
	COMPILE RECORD
	New
	am-em, compile
	260219083313796
	ADR TPE 1
	02/19/2026
	aaaaaaaa
	
	Community General
	
	02/18/2026
	
	
	
	


	
	
	6-10 Days
	03/27/2026
	Audit Supervisor
	RELEASE INFORMATION
	New
	llnn, ffnn
	260219051552992
	ADR TPE 1
	02/19/2026
	12121243434535
	
	Community General
	
	02/09/2026
	
	
	
	


	
	
	10+ Days
	04/04/2026
	Emtpy Team
	RELEASE INFORMATION
	New
	er, er
	260219052014308
	ADR Prepay
	02/19/2026
	76865868
	
	123689_amem-peerreview
	
	02/17/2026
	
	
	
	


	
	
	Overdue
	02/25/2026
	Emtpy Team
	COMPILE RECORD
	New
	ln, fn
	260219051407697
	ADR Prepay
	02/19/2026
	12121212
	
	Community General
	
	02/17/2026
	
	
	
	


	
	
	Overdue
	02/25/2026
	Aleks test Team 1
	COMPILE RECORD
	New
	qa, qa
	260218133140177
	ADR Prepay
	02/18/2026
	12121
	
	Community General South
	
	02/03/2026
	
	
	
	


	
	
	Overdue
	02/26/2026
	Emtpy Team
	COMPILE RECORD
	New
	sa, sa
	260218133002905
	ADR TPE 1
	02/18/2026
	23242
	
	Community General
	
	02/09/2026
	
	
	
	


	
	
	10+ Days
	04/04/2026
	Emtpy Team
	RELEASE INFORMATION
	New
	AbhiLastThree, AbhiThree
	260218130855998
	ADR TPE 1
	02/18/2026
	2321232412
	
	Community General
	
	02/17/2026
	
	
	
	


	
	
	Overdue
	02/25/2026
	Aleks test Team 1
	COMPILE RECORD
	New
	TestAbhiLast2, TestAbhi2
	260218130523902
	ADR Prepay
	02/18/2026
	12423221424
	
	Community General South
	
	02/17/2026
	
	
	
	


	
	
	10+ Days
	04/03/2026
	Emtpy Team
	RELEASE INFORMATION
	New
	am-em, testks
	260218130139969
	ADR TPE 1
	02/18/2026
	aaaaaaaaaa
	
	123689_amem-peerreview
	
	02/16/2026
	
	
	
	


	
	
	10+ Days
	04/01/2026
	Emtpy Team
	RELEASE INFORMATION
	New
	am-em1, test
	260218104127348
	ADR TPE 1
	02/18/2026
	aaaaaaaa
	
	Community General
	
	02/14/2026
	
	
	
	


	
	
	Overdue
	02/26/2026
	Emtpy Team
	COMPILE RECORD
	New
	test1826, test1826
	260218103635789
	ADR TPE 2
	02/18/2026
	12121212
	
	Community General
	
	02/09/2026
	
	
	
	


	
	
	10+ Days
	03/29/2026
	Emtpy Team
	RELEASE INFORMATION
	New
	test18, test18
	260218103329732
	ADR Prepay
	02/18/2026
	4535345
	
	Community General North
	
	02/10/2026
	
	
	
	


	
	
	Overdue
	02/21/2026
	Aleks test Team 2
	COMPILE RECORD
	New
	test, test
	260218102134685
	Abs1
	02/18/2026
	24332234234
	
	Community General North
	
	02/01/2026
	
	
	
	


	
	
	Overdue
	02/26/2026
	Emtpy Team
	COMPILE RECORD
	New
	test18_2_26, test18_2_26
	260218094733557
	ADR TPE 1
	02/18/2026
	34343434
	
	Community General
	
	02/17/2026
	
	
	
	


	
	
	Overdue
	02/25/2026
	Aleks test Team 1
	COMPILE RECORD
	New
	test2, test2
	260218094157803
	ADR Prepay
	02/18/2026
	98765432
	
	Community General North
	
	02/04/2026
	
	
	
	


	
	
	0-5 Days
	03/18/2026
	Test Team
	RELEASE INFORMATION
	New
	test as, test rem compile recor
	260131062502815
	ADR TPE 1
	01/31/2026
	123455
	
	Community General North
	
	01/31/2026
	
	
	
	
Showing 1 to 100 of 13087
12345
100

© 2026 MRO, Confidential, all rights reserved. | Version: 122162
JS_MATCH=DIV|page-container|2
Another Client
ST
Advanced Search
Reports
Settings
Incoming Queue
Claims Queue
Audits Queue
Closed Audits
New Audit
Select View
MANAGE VIEW
20 columns selected
CLEAR
	
Post
	
Letters
	
Urgency
	
Due Date
	
Assigned To
	
Task
	
Stage
	
Patient
	
Audit ID
	
Audit Type
	
Created Date
	
Account
	
Audit Letter ID
	
Facility
	
Admit Date
	
Audit Letter Date
	
Audit Reason
	
Decision
	
Decision Reason Detail
	
Decision Reason


	
	
	Overdue
	03/15/2026
	Emtpy Team
	RELEASE INFORMATION
	New
	am-em, test
	260316145931448
	Abs1
	03/16/2026
	465567576
	
	Community General North
	03/03/2026
	03/10/2026
	Claim Closure/Audit Withdrawn by Auditor
	
	
	


	
	
	Overdue
	03/16/2026
	Emtpy Team
	RELEASE INFORMATION
	New
	am-em, test
	260316134527331
	Abs1
	03/16/2026
	545454545
	
	Community General North
	03/01/2026
	03/11/2026
	Claim Closure/Audit Withdrawn by Auditor
	
	
	


	
	
	Overdue
	03/01/2026
	NewFoneWhodis
	APPEAL DECISION (LEVEL 1)
	Appeal 1
	Test, Load
	240120111800830
	ADR
	01/20/2024
	123456789
	12132132132
	Community General North
	01/01/2024
	01/01/2024
	Claim Closure/Audit Withdrawn by Auditor
	
	1 Day Stay Billed As IP
	Clinical Validation


	
	
	10+ Days
	05/04/2026
	Emtpy Team
	RELEASE INFORMATION
	New
	component, am-em
	260316110442762
	ADR TPE 1
	03/16/2026
	aaaaaaaaaaa
	
	Community General North
	
	03/19/2026
	CCI
	
	
	


	
	
	10+ Days
	05/04/2026
	Emtpy Team
	RELEASE INFORMATION
	New
	SMITH, BARBARA
	260316105957295
	ADR Prepay
	03/16/2026
	1750320
	
	aayush
	04/18/2016
	03/19/2026
	CCI
	
	
	


	
	
	Overdue
	06/25/2024
	Emtpy Team
	FILE APPEAL (LEVEL 4)
	Appeal 4
	Garcia-Lopez, Emiliano
	220503131851007
	RAC-C
	04/25/2022
	44440005
	666600001
	Community General
	01/04/2021
	02/01/2021
	DRG Validation
	
	2 Midnight Rule
	Coding and Medical Necessity


	
	
	N/A
	
	Destroyers
	AUDITOR DECISION
	New
	Garcia, Benjamin
	220503131851004
	RAC-C
	04/25/2022
	44440002
	123letterId
	Community General
	10/14/2025
	08/26/2022
	CCI
	
	Discharge Status Error
	Claim Submission Error


	
	
	10+ Days
	04/13/2026
	KJ Workflow Team
	APPEAL DECISION (LEVEL 2)
	Appeal 2
	audit, test
	241202075723468
	AETNA
	12/02/2024
	123444
	
	v A new test facility r
	
	12/01/2024
	
	
	
	Clinical Validation


	
	
	10+ Days
	05/09/2026
	Audit Supervisor
	FILE APPEAL (LEVEL 1)
	Appeal 1
	Steinberg, Maximillian
	260313123640598
	RAC-C
	03/13/2026
	POTest125409
	
	Community General
	03/09/2026
	03/10/2026
	Diagnosis
	
	1 Day Stay Billed As IP
	Claim Submission Error


	
	
	10+ Days
	05/04/2026
	Emtpy Team
	RELEASE INFORMATION
	New
	component2, test
	260304052423632
	ADR TPE 1
	03/04/2026
	ccc
	
	Community General
	
	03/19/2026
	Coding-DRG
	
	
	


	
	
	Overdue
	01/10/2025
	Nobody Home
	DRAFT RESPONSE LETTER (LEVEL 1)
	Appeal 1
	boobo, billy
	221116143657482
	RAC-C
	11/16/2022
	1234wdsfa43
	43244
	Community General
	
	11/02/2022
	Claim Closure/Audit Withdrawn by Auditor
	Partially Favorable
	
	Claim Submission Error


	
	
	0-5 Days
	03/21/2026
	Audit Supervisor
	AUDITOR DECISION
	New
	TWENTIER, MARY
	260130143637206
	ADR TPE 1
	01/30/1991
	1626162
	
	aayush
	10/27/2016
	01/30/2026
	CPT or HCPCS
	
	
	Clinical Validation


	
	
	10+ Days
	04/27/2026
	Emtpy Team
	RELEASE INFORMATION
	New
	MILFORD, DOROTHY
	260313074006675
	ADR Prepay
	03/13/2026
	0012026601
	
	aayush
	08/01/2016
	03/12/2026
	CPT or HCPCS
	
	
	


	
	
	Overdue
	03/15/2026
	Emtpy Team
	COMPILE RECORD
	New
	SMITH, DANIELLE
	260313073758915
	Abs1
	03/13/2026
	13456gg
	
	aayush
	12/29/2016
	03/12/2026
	CPT or HCPCS
	
	
	


	
	
	Overdue
	03/11/2024
	NewFoneWhodis
	FILE DISCUSSION
	Discussion
	load, AMtest
	240120124032095
	Abs1
	01/20/2024
	1601409
	2264641564654
	Community General
	01/25/2024
	01/01/2024
	Charge Accuracy
	
	Admission Status Error
	Clinical Validation


	
	
	Overdue
	06/01/2024
	Emtpy Team
	FILE APPEAL (LEVEL 1)
	Appeal 1
	t, t
	221229134218517
	Abs1
	12/30/2022
	e
	123456
	Community General North
	
	12/05/2022
	Claim Closure/Audit Withdrawn by Auditor
	
	
	


	
	
	Overdue
	03/10/2025
	automation team
	RELEASE INFORMATION
	New
	PATRICIA, SMITH
	250124105724018
	Abs1
	01/24/2025
	ExternalCauseOP1
	
	v A new test facility r
	12/31/1899
	01/23/2025
	Coding-DRG
	
	
	


	
	
	Overdue
	03/15/2026
	Emtpy Team
	APPROVE RESPONSE LETTER (LEVEL 1)
	Appeal 1
	Audit, ChartNo
	260313051231117
	Abs1
	03/13/2026
	1234567890e
	
	Community General
	
	
	CPT or HCPCS
	
	
	


	
	
	Overdue
	03/15/2026
	Aleks test Team 2
	COMPILE RECORD
	New
	chartNo, test
	260313051052804
	Abs1
	03/13/2026
	14098765432
	
	atest
	
	03/12/2026
	CPT or HCPCS
	
	
	


	
	
	10+ Days
	04/13/2026
	Nobody Home
	AUDITOR DECISION
	New
	SMITH, JAMES
	241127150523147
	AETNA
	11/27/2024
	2391430
	
	aayush
	08/13/2016
	10/30/2024
	
	
	
	


	
	
	10+ Days
	04/13/2026
	Emtpy Team
	AUDITOR DECISION
	New
	OneDuplicate, Test
	241212143917264
	Abs1
	12/12/2024
	1234512
	
	aayush
	
	12/11/2024
	
	
	
	


	
	
	10+ Days
	04/13/2026
	Nobody Home
	AUDITOR DECISION
	New
	SMITH, JAMES
	241127134543714
	AETNA
	11/27/2024
	2391430
	
	aayush
	08/13/2016
	10/30/2024
	
	
	
	


	
	
	10+ Days
	04/13/2026
	Nobody Home
	AUDITOR DECISION
	New
	SMYKSY, DANIEL
	260303083506653
	ADR Prepay
	03/03/2026
	2581094
	
	aayush
	04/12/2016
	03/18/2026
	
	
	
	


	
	
	10+ Days
	04/13/2026
	Aleks test Team 1
	AUDITOR DECISION
	New
	SMITH, testfirst3
	241219090945980
	Amerihealth
	12/19/2024
	2580519
	
	aayush
	04/12/2016
	11/29/2024
	
	
	
	


	
	
	10+ Days
	04/13/2026
	Aniket_Test
	AUDITOR DECISION
	New
	thorat, swapnil
	241205073137036
	AETNA
	12/05/2024
	25878956
	
	aayush
	
	12/02/2024
	
	
	
	


	
	
	10+ Days
	04/13/2026
	Asiya's Team
	AUDITOR DECISION
	New
	SMITH, BRENDA
	241203102029622
	Abs1
	12/03/2024
	1697565m
	
	aayush
	02/15/2016
	12/02/2024
	
	
	
	


	
	
	10+ Days
	04/13/2026
	Asiya's Team
	AUDITOR DECISION
	New
	create, test
	241202052057433
	Abs1
	12/02/2024
	12345634
	
	aayush
	
	11/30/2024
	
	
	
	


	
	
	10+ Days
	04/13/2026
	Nobody Home
	AUDITOR DECISION
	New
	SMITH, JAMES
	241127134154575
	AETNA
	11/27/2024
	2391430
	
	aayush
	08/13/2016
	10/30/2024
	
	
	
	


	
	
	10+ Days
	04/13/2026
	Emtpy Team
	AUDITOR DECISION
	New
	ALFORD, BEVERLY
	241127052400841
	BCBS - Pre Pay
	11/27/2024
	9143005467
	20230720103810103
	aayush
	10/10/2024
	03/02/2025
	
	
	
	


	
	
	10+ Days
	03/29/2026
	Nobody Home
	AUDITOR DECISION
	New
	am-em, test
	260226101924690
	ADR TPE 1
	02/26/2026
	aaaaaa
	
	Community General
	03/08/2026
	02/18/2026
	Diagnosis
	
	
	


	
	
	Overdue
	03/07/2026
	Nandan Test Updated
	CLOSE AUDIT
	Close
	test after -1 removal, test after -1 removal
	260204072632261
	ADR Prepay
	02/04/2026
	2345678
	
	Community General
	
	
	
	Overturned in Favor of Provider
	
	


	
	
	Overdue
	03/14/2026
	Aleks test Team 2
	COMPILE RECORD
	New
	testmrn, test22
	260311183803460
	Abs1
	03/12/2026
	1235456
	
	aayush
	
	03/10/2026
	CPT or HCPCS
	
	
	


	
	
	Overdue
	03/14/2026
	Aleks test Team 2
	COMPILE RECORD
	New
	test, testrq
	260311183448123
	BMC HealthNet
	03/12/2026
	454545454
	
	123689_amem-peerreview
	
	03/10/2026
	Diagnosis
	
	
	


	
	
	Overdue
	02/09/2026
	Emtpy Team
	RELEASE INFORMATION
	New
	em-comp-doc-create, 123022-peer-review
	260224130124948
	Abs1
	02/24/2026
	54645654
	
	Community General North
	
	02/04/2026
	CPT or HCPCS
	
	
	


	
	
	10+ Days
	04/26/2026
	Audit Supervisor
	RELEASE INFORMATION
	New
	SMITH, WILLIAM
	260311042215286
	ADR Prepay
	03/11/2026
	100000610665768
	
	atest
	03/03/2024
	03/11/2026
	Diagnosis
	
	
	


	
	
	Overdue
	10/18/2025
	Audit Supervisor
	AUDITOR DECISION
	New
	WHITE, HAROLD
	251016223617896
	ADR Prepay
	10/17/2025
	90920259011
	
	Community General North
	10/28/2016
	
	
	
	
	Clinical Validation


	
	
	10+ Days
	04/24/2026
	Emtpy Team
	RELEASE INFORMATION
	New
	WHITE, HAROLD
	260309152609164
	RAC
	03/09/2026
	9092025901
	
	123689_amem-peerreview
	10/28/2016
	03/09/2026
	
	
	
	


	
	
1
	Overdue
	02/24/2026
	Hopf Team
	AUDITOR DECISION
	New
	ANDERSON , GILBERT
	260218142428350
	RAC-C
	02/18/2026
	0013018271
	
	Community General South
	08/03/2016
	02/17/2026
	
	
	
	


	
	
	Overdue
	12/27/2024
	Nobody Home
	CHART RECEIPT DATE
	New
	abc, test
	241114093330710
	Abs1
	11/14/2024
	1231231231
	
	v A new test facility r
	11/03/2024
	11/10/2024
	
	
	
	


	
	
	10+ Days
	04/26/2026
	Washington & West
	FILE DISCUSSION
	Discussion
	em1, test
	260309065927664
	ADR Prepay
	03/09/2026
	aaaaaaa
	
	AS Test Facilty for 105718
	
	03/18/2026
	
	
	
	


	
	
	10+ Days
	05/04/2026
	Emtpy Team
	RELEASE INFORMATION
	New
	component1, test
	260304052200694
	ADR TPE 1
	03/04/2026
	aaaaaaaaaa
	
	Community General
	
	03/19/2026
	
	
	
	


	
	
	10+ Days
	05/04/2026
	Emtpy Team
	RELEASE INFORMATION
	New
	ks, test
	260303053054263
	ADR TPE 1
	03/03/2026
	account
	
	Community General
	
	03/19/2026
	
	
	
	


	
	
	10+ Days
	05/04/2026
	Emtpy Team
	RELEASE INFORMATION
	New
	test-am-em, test supp-doc
	260303052842757
	ADR TPE 1
	03/03/2026
	account
	
	Community General
	
	03/19/2026
	
	
	
	


	
	
	Overdue
	03/08/2026
	Nobody Home
	COMPILE RECORD
	New
	ks, test
	260302150904675
	ADR Prepay
	03/02/2026
	aa
	
	Community General
	
	03/13/2026
	
	
	
	


	
	
	10+ Days
	05/03/2026
	Nobody Home
	RELEASE INFORMATION
	New
	am-em modify, username
	260302135810854
	ADR Prepay
	03/02/2026
	account
	
	Community General
	
	03/18/2026
	
	
	
	


	
	
	10+ Days
	04/17/2026
	Nobody Home
	FILE DISCUSSION
	Discussion
	am-em, test
	260302055841792
	ADR TPE 1
	03/02/2026
	aaaaaaaa
	
	Community General
	
	03/18/2026
	
	
	
	


	
	
	10+ Days
	04/14/2026
	Aleks test Team 1
	RELEASE INFORMATION
	New
	TestNewDB, AUSTROBER
	260227121430336
	ADR TPE 1
	02/27/2026
	002100863166
	
	atest
	08/25/2016
	02/27/2026
	
	
	
	


	
	
	10+ Days
	03/30/2026
	EM ROI Team
	DISCUSSION DECISION
	Discussion
	DiscussionOwner, Test
	260227093936229
	Abs1
	02/27/2026
	14533
	
	atest
	
	02/25/2026
	
	
	
	


	
	
3
	10+ Days
	04/14/2026
	Emtpy Team
	RELEASE INFORMATION
	New
	THOMAS, NORMAN
	260227093457262
	ADR Prepay
	02/27/2026
	00280006917687
	
	AS Test Facilty for 105718
	08/25/2016
	02/27/2026
	
	
	
	


	
	
	10+ Days
	03/29/2026
	Nobody Home
	AUDITOR DECISION
	New
	am-em1, test
	260226102223530
	ADR TPE 1
	02/26/2026
	bbbbbbbbbb
	
	Community General North
	
	02/17/2026
	
	
	
	


	
	
	10+ Days
	04/01/2026
	Emtpy Team
	RELEASE INFORMATION
	New
	ks, test
	260226085937844
	ADR TPE 1
	02/26/2026
	aaaaaaa
	
	Community General
	
	02/14/2026
	
	
	
	


	
	
	Overdue
	03/13/2026
	Emtpy Team
	FILE DISCUSSION
	Discussion
	e-delivery, mapping
	260226050010326
	Abs1
	02/26/2026
	65768767
	
	aayush
	02/01/2026
	02/10/2026
	
	
	
	


	
	
	10+ Days
	03/28/2026
	Emtpy Team
	CLOSE AUDIT
	Close
	mapping, test
	260226051256716
	Abs1
	02/26/2026
	665576576
	
	AS Test Facilty for 105718
	02/01/2026
	02/11/2026
	
	
	
	Audit Cancelled/Ineligible


	
	
	Overdue
	02/06/2026
	Emtpy Team
	RELEASE INFORMATION
	New
	supp-doc, test-am-em
	260225145149813
	Abs1
	02/25/2026
	345354435
	
	Community General North
	
	02/01/2026
	
	
	
	


	
	
	Overdue
	02/06/2026
	Emtpy Team
	RELEASE INFORMATION
	New
	supp-doc, test-am-em
	260225140533599
	Abs1
	02/25/2026
	345345354
	
	Community General North
	
	02/01/2026
	
	
	
	


	
	
	10+ Days
	03/28/2026
	Emtpy Team
	AUDITOR DECISION
	New
	snykSanityCheck, test
	260225111345128
	ADR Prepay
	02/25/2026
	5665765767
	
	Community General North
	02/11/2026
	02/11/2026
	
	
	
	


	
	
	10+ Days
	04/01/2026
	Emtpy Team
	RELEASE INFORMATION
	New
	am-em, component
	260225090025329
	ADR TPE 1
	02/25/2026
	aaaaaaaa
	
	Community General
	
	02/14/2026
	
	
	
	


	
	
	10+ Days
	04/10/2026
	Emtpy Team
	RELEASE INFORMATION
	New
	MILFORD, DOROTHY
	260224110403697
	ADR TPE 1
	02/24/2026
	0012026601
	
	123689_amem-peerreview
	08/01/2016
	02/23/2026
	
	
	
	


	
	
	Overdue
	02/06/2026
	Emtpy Team
	RELEASE INFORMATION
	New
	comp-doc, test-am-em
	260224081017993
	Abs1
	02/24/2026
	4545345
	
	Community General North
	
	02/01/2026
	
	
	
	


	
	
	10+ Days
	04/03/2026
	Emtpy Team
	RELEASE INFORMATION
	New
	abhiTestTwo, abhiTestOne
	260224081109224
	ADR Prepay
	02/24/2026
	12123124112
	
	Community General
	
	02/16/2026
	
	
	
	


	
	
	Overdue
	02/06/2026
	Emtpy Team
	RELEASE INFORMATION
	New
	comp-create, test-am
	260224074531579
	Abs1
	02/24/2026
	34545354
	
	Community General North
	
	02/01/2026
	
	
	
	


	
	
	Overdue
	02/06/2026
	Emtpy Team
	RELEASE INFORMATION
	New
	comp-doc, test-am-em
	260224061548314
	Abs1
	02/24/2026
	3242442423432
	
	Community General North
	
	02/01/2026
	
	
	
	


	
	
	10+ Days
	04/20/2026
	Emtpy Team
	RELEASE INFORMATION
	New
	New, Test FTP
	260223111220030
	Cotiviti DRG
	02/23/2026
	567876543
	
	AS Test Facilty for 105718
	
	02/23/2026
	
	
	
	


	
	
	10+ Days
	04/09/2026
	Emtpy Team
	RELEASE INFORMATION
	New
	BOARDWELL, VIVIAN
	260223105446210
	ADR TPE 3
	02/23/2026
	0012007301
	
	123689_amem-peerreview
	08/01/2016
	02/22/2026
	
	
	
	


	
	
1
	10+ Days
	04/09/2026
	Emtpy Team
	RELEASE INFORMATION
	New
	BRADWAY, DIANE
	260223105400831
	ADR TPE 3
	02/23/2026
	0026008051
	
	123689_amem-peerreview
	08/27/2016
	02/22/2026
	
	
	
	


	
	
1
	10+ Days
	04/09/2026
	Emtpy Team
	RELEASE INFORMATION
	New
	BROWN, RUTH
	260223105253430
	ADR TPE 3
	02/23/2026
	00530030310
	
	123689_amem-peerreview
	09/12/2016
	02/22/2026
	
	
	
	


	
	
1
	10+ Days
	04/09/2026
	Aleks test Team 1
	RELEASE INFORMATION
	New
	BEEKS, REBECCA
	260223104915830
	ADR TPE 2
	02/23/2026
	0011035121
	
	atest
	08/04/2016
	02/22/2026
	
	
	
	


	
	
	10+ Days
	04/06/2026
	Emtpy Team
	RELEASE INFORMATION
	New
	ks1, test
	260223094304606
	ADR TPE 1
	02/23/2026
	nnnnnnn
	
	Community General
	
	02/19/2026
	
	
	
	


	
	
	10+ Days
	04/06/2026
	Emtpy Team
	RELEASE INFORMATION
	New
	ks, test
	260223094058016
	ADR TPE 1
	02/23/2026
	aaaaaaaaaaaa
	
	Community General
	
	02/19/2026
	
	
	
	


	
	
	10+ Days
	03/28/2026
	Emtpy Team
	RELEASE INFORMATION
	New
	t23, t23
	260223060445937
	ADR TPE 1
	02/23/2026
	7657544557745456547
	
	Community General North
	
	02/10/2026
	
	
	
	


	
	
	10+ Days
	04/06/2026
	Emtpy Team
	RELEASE INFORMATION
	New
	SMITH, TRACEY
	260223064215258
	ADR Prepay
	02/23/2026
	1992601
	
	aayush
	03/09/2016
	02/19/2026
	
	
	
	


	
	
	10+ Days
	03/29/2026
	Emtpy Team
	RELEASE INFORMATION
	New
	SMITH, BARBARA
	260223063617866
	ADR TPE 2
	02/23/2026
	1750320
	
	aayush
	04/18/2016
	02/11/2026
	
	
	
	


	
	
	10+ Days
	03/29/2026
	Emtpy Team
	RELEASE INFORMATION
	New
	SMITH, BRENDA
	260223063520483
	ADR TPE 2
	02/23/2026
	1756977
	
	aayush
	04/27/2016
	02/11/2026
	
	
	
	


	
	
	10+ Days
	04/06/2026
	Emtpy Team
	RELEASE INFORMATION
	New
	SMITH, JOHN
	260223063400695
	ADR Prepay
	02/23/2026
	1776805
	
	aayush
	05/31/2016
	02/19/2026
	
	
	
	


	
	
	10+ Days
	03/28/2026
	Emtpy Team
	RELEASE INFORMATION
	New
	adad, ad
	260223055544935
	ADR Prepay
	02/23/2026
	121212
	
	Community General North
	
	02/10/2026
	
	
	
	


	
	
	Overdue
	02/06/2026
	Emtpy Team
	RELEASE INFORMATION
	New
	testwithoutdoc, test
	260223050131234
	Abs1
	02/23/2026
	456464
	
	Community General North
	
	02/01/2026
	
	
	
	


	
	
	Overdue
	02/06/2026
	Emtpy Team
	RELEASE INFORMATION
	New
	test, test
	260223045758352
	Abs1
	02/23/2026
	34534543
	
	Community General North
	
	02/01/2026
	
	
	
	


	
	
	0-5 Days
	03/22/2026
	Nobody Home
	AUDITOR DECISION
	New
	am-em, chart receipt
	260219094147853
	ADR TPE 1
	02/19/2026
	qqqqq
	
	123689_amem-peerreview
	
	02/18/2026
	
	
	
	


	
	
	10+ Days
	04/06/2026
	Nobody Home
	CHART RECEIPT DATE
	New
	am-em, failed auditor1
	260219091436991
	ADR TPE 1
	02/19/2026
	aaaaa
	
	123689_amem-peerreview
	
	02/18/2026
	
	
	
	


	
	
	10+ Days
	04/06/2026
	Nobody Home
	RELEASE INFORMATION
	New
	am-em, auditor
	260219090250979
	ADR TPE 1
	02/19/2026
	aaaaaaa
	
	aayush
	
	02/18/2026
	
	
	
	


	
	
	10+ Days
	04/01/2026
	Nobody Home
	RELEASE INFORMATION
	New
	decision, release1
	260219085835707
	ADR TPE 1
	02/19/2026
	aaaaaaaa
	
	aayush
	
	02/14/2026
	
	
	
	


	
	
	10+ Days
	04/01/2026
	Emtpy Team
	RELEASE INFORMATION
	New
	am-em, release
	260219083633420
	ADR TPE 1
	02/19/2026
	zzzzz
	
	Community General
	
	02/13/2026
	
	
	
	


	
	
	10+ Days
	03/31/2026
	Nobody Home
	CHART RECEIPT DATE
	New
	am-em, chart receipt
	260219083949622
	ADR TPE 1
	02/19/2026
	mmmm
	
	Community General
	
	02/11/2026
	
	
	
	


	
	
	Overdue
	02/26/2026
	Nobody Home
	PRE-DECISION REVIEW
	New
	am-em, pre deicison
	260219083511015
	ADR TPE 1
	02/19/2026
	aaaaaaa
	
	Community General
	
	02/14/2026
	
	
	
	


	
	
	Overdue
	02/25/2026
	Nobody Home
	COMPILE RECORD
	New
	am-em, compile
	260219083313796
	ADR TPE 1
	02/19/2026
	aaaaaaaa
	
	Community General
	
	02/18/2026
	
	
	
	


	
	
	6-10 Days
	03/27/2026
	Audit Supervisor
	RELEASE INFORMATION
	New
	llnn, ffnn
	260219051552992
	ADR TPE 1
	02/19/2026
	12121243434535
	
	Community General
	
	02/09/2026
	
	
	
	


	
	
	10+ Days
	04/04/2026
	Emtpy Team
	RELEASE INFORMATION
	New
	er, er
	260219052014308
	ADR Prepay
	02/19/2026
	76865868
	
	123689_amem-peerreview
	
	02/17/2026
	
	
	
	


	
	
	Overdue
	02/25/2026
	Emtpy Team
	COMPILE RECORD
	New
	ln, fn
	260219051407697
	ADR Prepay
	02/19/2026
	12121212
	
	Community General
	
	02/17/2026
	
	
	
	


	
	
	Overdue
	02/25/2026
	Aleks test Team 1
	COMPILE RECORD
	New
	qa, qa
	260218133140177
	ADR Prepay
	02/18/2026
	12121
	
	Community General South
	
	02/03/2026
	
	
	
	


	
	
	Overdue
	02/26/2026
	Emtpy Team
	COMPILE RECORD
	New
	sa, sa
	260218133002905
	ADR TPE 1
	02/18/2026
	23242
	
	Community General
	
	02/09/2026
	
	
	
	


	
	
	10+ Days
	04/04/2026
	Emtpy Team
	RELEASE INFORMATION
	New
	AbhiLastThree, AbhiThree
	260218130855998
	ADR TPE 1
	02/18/2026
	2321232412
	
	Community General
	
	02/17/2026
	
	
	
	


	
	
	Overdue
	02/25/2026
	Aleks test Team 1
	COMPILE RECORD
	New
	TestAbhiLast2, TestAbhi2
	260218130523902
	ADR Prepay
	02/18/2026
	12423221424
	
	Community General South
	
	02/17/2026
	
	
	
	


	
	
	10+ Days
	04/03/2026
	Emtpy Team
	RELEASE INFORMATION
	New
	am-em, testks
	260218130139969
	ADR TPE 1
	02/18/2026
	aaaaaaaaaa
	
	123689_amem-peerreview
	
	02/16/2026
	
	
	
	


	
	
	10+ Days
	04/01/2026
	Emtpy Team
	RELEASE INFORMATION
	New
	am-em1, test
	260218104127348
	ADR TPE 1
	02/18/2026
	aaaaaaaa
	
	Community General
	
	02/14/2026
	
	
	
	


	
	
	Overdue
	02/26/2026
	Emtpy Team
	COMPILE RECORD
	New
	test1826, test1826
	260218103635789
	ADR TPE 2
	02/18/2026
	12121212
	
	Community General
	
	02/09/2026
	
	
	
	


	
	
	10+ Days
	03/29/2026
	Emtpy Team
	RELEASE INFORMATION
	New
	test18, test18
	260218103329732
	ADR Prepay
	02/18/2026
	4535345
	
	Community General North
	
	02/10/2026
	
	
	
	


	
	
	Overdue
	02/21/2026
	Aleks test Team 2
	COMPILE RECORD
	New
	test, test
	260218102134685
	Abs1
	02/18/2026
	24332234234
	
	Community General North
	
	02/01/2026
	
	
	
	


	
	
	Overdue
	02/26/2026
	Emtpy Team
	COMPILE RECORD
	New
	test18_2_26, test18_2_26
	260218094733557
	ADR TPE 1
	02/18/2026
	34343434
	
	Community General
	
	02/17/2026
	
	
	
	


	
	
	Overdue
	02/25/2026
	Aleks test Team 1
	COMPILE RECORD
	New
	test2, test2
	260218094157803
	ADR Prepay
	02/18/2026
	98765432
	
	Community General North
	
	02/04/2026
	
	
	
	


	
	
	0-5 Days
	03/18/2026
	Test Team
	RELEASE INFORMATION
	New
	test as, test rem compile recor
	260131062502815
	ADR TPE 1
	01/31/2026
	123455
	
	Community General North
	
	01/31/2026
	
	
	
	
Showing 1 to 100 of 13087
12345
100

© 2026 MRO, Confidential, all rights reserved. | Version: 122162
JS_MATCH=DIV|layout-content-wrapper|Incoming Queue
Claims Queue
Audits Queue
Closed Audits
New Audit
Select View
MANAGE VIEW
20 columns selected
CLEAR
	
Post
	
Letters
	
Urgency
	
Due Date
	
Assigned To
	
Task
	
Stage
	
Patient
	
Audit ID
	
Audit Type
	
Created Date
	
Account
	
Audit Letter ID
	
Facility
	
Admit Date
	
Audit Letter Date
	
Audit Reason
	
Decision
	
Decision Reason Detail
	
Decision Reason


	
	
	Overdue
	03/15/2026
	Emtpy Team
	RELEASE INFORMATION
	New
	am-em, test
	260316145931448
	Abs1
	03/16/2026
	465567576
	
	Community General North
	03/03/2026
	03/10/2026
	Claim Closure/Audit Withdrawn by Auditor
	
	
	


	
	
	Overdue
	03/16/2026
	Emtpy Team
	RELEASE INFORMATION
	New
	am-em, test
	260316134527331
	Abs1
	03/16/2026
	545454545
	
	Community General North
	03/01/2026
	03/11/2026
	Claim Closure/Audit Withdrawn by Auditor
	
	
	


	
	
	Overdue
	03/01/2026
	NewFoneWhodis
	APPEAL DECISION (LEVEL 1)
	Appeal 1
	Test, Load
	240120111800830
	ADR
	01/20/2024
	123456789
	12132132132
	Community General North
	01/01/2024
	01/01/2024
	Claim Closure/Audit Withdrawn by Auditor
	
	1 Day Stay Billed As IP
	Clinical Validation


	
	
	10+ Days
	05/04/2026
	Emtpy Team
	RELEASE INFORMATION
	New
	component, am-em
	260316110442762
	ADR TPE 1
	03/16/2026
	aaaaaaaaaaa
	
	Community General North
	
	03/19/2026
	CCI
	
	
	


	
	
	10+ Days
	05/04/2026
	Emtpy Team
	RELEASE INFORMATION
	New
	SMITH, BARBARA
	260316105957295
	ADR Prepay
	03/16/2026
	1750320
	
	aayush
	04/18/2016
	03/19/2026
	CCI
	
	
	


	
	
	Overdue
	06/25/2024
	Emtpy Team
	FILE APPEAL (LEVEL 4)
	Appeal 4
	Garcia-Lopez, Emiliano
	220503131851007
	RAC-C
	04/25/2022
	44440005
	666600001
	Community General
	01/04/2021
	02/01/2021
	DRG Validation
	
	2 Midnight Rule
	Coding and Medical Necessity


	
	
	N/A
	
	Destroyers
	AUDITOR DECISION
	New
	Garcia, Benjamin
	220503131851004
	RAC-C
	04/25/2022
	44440002
	123letterId
	Community General
	10/14/2025
	08/26/2022
	CCI
	
	Discharge Status Error
	Claim Submission Error


	
	
	10+ Days
	04/13/2026
	KJ Workflow Team
	APPEAL DECISION (LEVEL 2)
	Appeal 2
	audit, test
	241202075723468
	AETNA
	12/02/2024
	123444
	
	v A new test facility r
	
	12/01/2024
	
	
	
	Clinical Validation


	
	
	10+ Days
	05/09/2026
	Audit Supervisor
	FILE APPEAL (LEVEL 1)
	Appeal 1
[...]
CREATE_FIELD=03/29/2026
CREATE_FIELD=03/29/2026
CREATE_FIELD=Emtpy Team
CREATE_FIELD=Emtpy Team
CREATE_FIELD=RELEASE INFORMATION
CREATE_FIELD=RELEASE INFORMATION
CREATE_FIELD=RELEASE INFORMATION
CREATE_FIELD=New
CREATE_FIELD=New
CREATE_FIELD=SMITH, BARBARA
CREATE_FIELD=SMITH, BARBARA
CREATE_FIELD=260223063617866
CREATE_FIELD=260223063617866
CREATE_FIELD=260223063617866
CREATE_FIELD=ADR TPE 2
CREATE_FIELD=ADR TPE 2
CREATE_FIELD=02/23/2026
CREATE_FIELD=02/23/2026
CREATE_FIELD=1750320
CREATE_FIELD=1750320
CREATE_FIELD=aayush
CREATE_FIELD=aayush
CREATE_FIELD=04/18/2016
CREATE_FIELD=04/18/2016
CREATE_FIELD=02/11/2026
CREATE_FIELD=02/11/2026
CREATE_FIELD=10+ Days
CREATE_FIELD=10+ Days
CREATE_FIELD=03/29/2026
CREATE_FIELD=03/29/2026
CREATE_FIELD=Emtpy Team
CREATE_FIELD=Emtpy Team
CREATE_FIELD=RELEASE INFORMATION
CREATE_FIELD=RELEASE INFORMATION
CREATE_FIELD=RELEASE INFORMATION
CREATE_FIELD=New
CREATE_FIELD=New
CREATE_FIELD=SMITH, BRENDA
CREATE_FIELD=SMITH, BRENDA
CREATE_FIELD=260223063520483
CREATE_FIELD=260223063520483
CREATE_FIELD=260223063520483
CREATE_FIELD=ADR TPE 2
CREATE_FIELD=ADR TPE 2
CREATE_FIELD=02/23/2026
CREATE_FIELD=02/23/2026
CREATE_FIELD=1756977
CREATE_FIELD=1756977
CREATE_FIELD=aayush
CREATE_FIELD=aayush
CREATE_FIELD=04/27/2016
CREATE_FIELD=04/27/2016
CREATE_FIELD=02/11/2026
CREATE_FIELD=02/11/2026
CREATE_FIELD=10+ Days
CREATE_FIELD=10+ Days
CREATE_FIELD=04/06/2026
CREATE_FIELD=04/06/2026
CREATE_FIELD=Emtpy Team
CREATE_FIELD=Emtpy Team
CREATE_FIELD=RELEASE INFORMATION
CREATE_FIELD=RELEASE INFORMATION
CREATE_FIELD=RELEASE INFORMATION
CREATE_FIELD=New
CREATE_FIELD=New
CREATE_FIELD=SMITH, JOHN
CREATE_FIELD=SMITH, JOHN
CREATE_FIELD=260223063400695
CREATE_FIELD=260223063400695
CREATE_FIELD=260223063400695
CREATE_FIELD=ADR Prepay
CREATE_FIELD=ADR Prepay
CREATE_FIELD=02/23/2026
CREATE_FIELD=02/23/2026
CREATE_FIELD=1776805
CREATE_FIELD=1776805
CREATE_FIELD=aayush
CREATE_FIELD=aayush
CREATE_FIELD=05/31/2016
CREATE_FIELD=05/31/2016
CREATE_FIELD=02/19/2026
CREATE_FIELD=02/19/2026
CREATE_FIELD=10+ Days
CREATE_FIELD=10+ Days
CREATE_FIELD=03/28/2026
CREATE_FIELD=03/28/2026
CREATE_FIELD=Emtpy Team
CREATE_FIELD=Emtpy Team
CREATE_FIELD=RELEASE INFORMATION
CREATE_FIELD=RELEASE INFORMATION
CREATE_FIELD=RELEASE INFORMATION
CREATE_FIELD=New
CREATE_FIELD=New
CREATE_FIELD=adad, ad
CREATE_FIELD=adad, ad
CREATE_FIELD=260223055544935
CREATE_FIELD=260223055544935
CREATE_FIELD=260223055544935
CREATE_FIELD=ADR Prepay
CREATE_FIELD=ADR Prepay
CREATE_FIELD=02/23/2026
CREATE_FIELD=02/23/2026
CREATE_FIELD=121212
CREATE_FIELD=121212
CREATE_FIELD=Community General North
CREATE_FIELD=Community General North
CREATE_FIELD=02/10/2026
CREATE_FIELD=02/10/2026
CREATE_FIELD=Overdue
CREATE_FIELD=Overdue
CREATE_FIELD=02/06/2026
CREATE_FIELD=02/06/2026
CREATE_FIELD=Emtpy Team
CREATE_FIELD=Emtpy Team
CREATE_FIELD=RELEASE INFORMATION
CREATE_FIELD=RELEASE INFORMATION
CREATE_FIELD=RELEASE INFORMATION
CREATE_FIELD=New
CREATE_FIELD=New
CREATE_FIELD=testwithoutdoc, test
CREATE_FIELD=testwithoutdoc, test
CREATE_FIELD=260223050131234
CREATE_FIELD=260223050131234
CREATE_FIELD=260223050131234
CREATE_FIELD=Abs1
CREATE_FIELD=Abs1
CREATE_FIELD=02/23/2026
CREATE_FIELD=02/23/2026
CREATE_FIELD=456464
CREATE_FIELD=456464
CREATE_FIELD=Community General North
CREATE_FIELD=Community General North
CREATE_FIELD=02/01/2026
CREATE_FIELD=02/01/2026
CREATE_FIELD=Overdue
CREATE_FIELD=Overdue
CREATE_FIELD=02/06/2026
CREATE_FIELD=02/06/2026
CREATE_FIELD=Emtpy Team
CREATE_FIELD=Emtpy Team
CREATE_FIELD=RELEASE INFORMATION
CREATE_FIELD=RELEASE INFORMATION
CREATE_FIELD=RELEASE INFORMATION
CREATE_FIELD=New
CREATE_FIELD=New
CREATE_FIELD=test, test
CREATE_FIELD=test, test
CREATE_FIELD=260223045758352
CREATE_FIELD=260223045758352
CREATE_FIELD=260223045758352
CREATE_FIELD=Abs1
CREATE_FIELD=Abs1
CREATE_FIELD=02/23/2026
CREATE_FIELD=02/23/2026
CREATE_FIELD=34534543
CREATE_FIELD=34534543
CREATE_FIELD=Community General North
CREATE_FIELD=Community General North
CREATE_FIELD=02/01/2026
CREATE_FIELD=02/01/2026
CREATE_FIELD=0-5 Days
CREATE_FIELD=0-5 Days
CREATE_FIELD=03/22/2026
CREATE_FIELD=03/22/2026
CREATE_FIELD=Nobody Home
CREATE_FIELD=Nobody Home
CREATE_FIELD=AUDITOR DECISION
CREATE_FIELD=AUDITOR DECISION
CREATE_FIELD=AUDITOR DECISION
CREATE_FIELD=New
CREATE_FIELD=New
CREATE_FIELD=am-em, chart receipt
CREATE_FIELD=am-em, chart receipt
CREATE_FIELD=260219094147853
CREATE_FIELD=260219094147853
CREATE_FIELD=260219094147853
CREATE_FIELD=ADR TPE 1
CREATE_FIELD=ADR TPE 1
CREATE_FIELD=02/19/2026
CREATE_FIELD=02/19/2026
CREATE_FIELD=qqqqq
CREATE_FIELD=qqqqq
CREATE_FIELD=123689_amem-peerreview
CREATE_FIELD=123689_amem-peerreview
CREATE_FIELD=02/18/2026
CREATE_FIELD=02/18/2026
CREATE_FIELD=10+ Days
CREATE_FIELD=10+ Days
CREATE_FIELD=04/06/2026
CREATE_FIELD=04/06/2026
CREATE_FIELD=Nobody Home
CREATE_FIELD=Nobody Home
CREATE_FIELD=CHART RECEIPT DATE
CREATE_FIELD=CHART RECEIPT DATE
CREATE_FIELD=CHART RECEIPT DATE
CREATE_FIELD=New
CREATE_FIELD=New
CREATE_FIELD=am-em, failed auditor1
CREATE_FIELD=am-em, failed auditor1
CREATE_FIELD=260219091436991
CREATE_FIELD=260219091436991
CREATE_FIELD=260219091436991
CREATE_FIELD=ADR TPE 1
CREATE_FIELD=ADR TPE 1
CREATE_FIELD=02/19/2026
CREATE_FIELD=02/19/2026
CREATE_FIELD=aaaaa
CREATE_FIELD=aaaaa
CREATE_FIELD=123689_amem-peerreview
CREATE_FIELD=123689_amem-peerreview
CREATE_FIELD=02/18/2026
CREATE_FIELD=02/18/2026
CREATE_FIELD=10+ Days
CREATE_FIELD=10+ Days
CREATE_FIELD=04/06/2026
CREATE_FIELD=04/06/2026
CREATE_FIELD=Nobody Home
CREATE_FIELD=Nobody Home
CREATE_FIELD=RELEASE INFORMATION
CREATE_FIELD=RELEASE INFORMATION
CREATE_FIELD=RELEASE INFORMATION
CREATE_FIELD=New
CREATE_FIELD=New
CREATE_FIELD=am-em, auditor
CREATE_FIELD=am-em, auditor
CREATE_FIELD=260219090250979
CREATE_FIELD=260219090250979
CREATE_FIELD=260219090250979
CREATE_FIELD=ADR TPE 1
CREATE_FIELD=ADR TPE 1
CREATE_FIELD=02/19/2026
CREATE_FIELD=02/19/2026
CREATE_FIELD=aaaaaaa
CREATE_FIELD=aaaaaaa
CREATE_FIELD=aayush
CREATE_FIELD=aayush
CREATE_FIELD=02/18/2026
CREATE_FIELD=02/18/2026
CREATE_FIELD=10+ Days
CREATE_FIELD=10+ Days
CREATE_FIELD=04/01/2026
CREATE_FIELD=04/01/2026
CREATE_FIELD=Nobody Home
CREATE_FIELD=Nobody Home
CREATE_FIELD=RELEASE INFORMATION
CREATE_FIELD=RELEASE INFORMATION
CREATE_FIELD=RELEASE INFORMATION
CREATE_FIELD=New
CREATE_FIELD=New
CREATE_FIELD=decision, release1
CREATE_FIELD=decision, release1
CREATE_FIELD=260219085835707
CREATE_FIELD=260219085835707
CREATE_FIELD=260219085835707
CREATE_FIELD=ADR TPE 1
CREATE_FIELD=ADR TPE 1
CREATE_FIELD=02/19/2026
CREATE_FIELD=02/19/2026
CREATE_FIELD=aaaaaaaa
CREATE_FIELD=aaaaaaaa
CREATE_FIELD=aayush
CREATE_FIELD=aayush
CREATE_FIELD=02/14/2026
CREATE_FIELD=02/14/2026
CREATE_FIELD=10+ Days
CREATE_FIELD=10+ Days
CREATE_FIELD=04/01/2026
CREATE_FIELD=04/01/2026
CREATE_FIELD=Emtpy Team
CREATE_FIELD=Emtpy Team
CREATE_FIELD=RELEASE INFORMATION
CREATE_FIELD=RELEASE INFORMATION
CREATE_FIELD=RELEASE INFORMATION
CREATE_FIELD=New
CREATE_FIELD=New
CREATE_FIELD=am-em, release
CREATE_FIELD=am-em, release
CREATE_FIELD=260219083633420
CREATE_FIELD=260219083633420
CREATE_FIELD=260219083633420
CREATE_FIELD=ADR TPE 1
CREATE_FIELD=ADR TPE 1
CREATE_FIELD=02/19/2026
CREATE_FIELD=02/19/2026
CREATE_FIELD=zzzzz
CREATE_FIELD=zzzzz
CREATE_FIELD=Community General
CREATE_FIELD=Community General
CREATE_FIELD=02/13/2026
CREATE_FIELD=02/13/2026
CREATE_FIELD=10+ Days
CREATE_FIELD=10+ Days
CREATE_FIELD=03/31/2026
CREATE_FIELD=03/31/2026
CREATE_FIELD=Nobody Home
CREATE_FIELD=Nobody Home
CREATE_FIELD=CHART RECEIPT DATE
CREATE_FIELD=CHART RECEIPT DATE
CREATE_FIELD=CHART RECEIPT DATE
CREATE_FIELD=New
CREATE_FIELD=New
CREATE_FIELD=am-em, chart receipt
CREATE_FIELD=am-em, chart receipt
CREATE_FIELD=260219083949622
CREATE_FIELD=260219083949622
CREATE_FIELD=260219083949622
CREATE_FIELD=ADR TPE 1
CREATE_FIELD=ADR TPE 1
CREATE_FIELD=02/19/2026
CREATE_FIELD=02/19/2026
CREATE_FIELD=mmmm
CREATE_FIELD=mmmm
CREATE_FIELD=Community General
CREATE_FIELD=Community General
CREATE_FIELD=02/11/2026
CREATE_FIELD=02/11/2026
CREATE_FIELD=Overdue
CREATE_FIELD=Overdue
CREATE_FIELD=02/26/2026
CREATE_FIELD=02/26/2026
CREATE_FIELD=Nobody Home
CREATE_FIELD=Nobody Home
CREATE_FIELD=PRE-DECISION REVIEW
CREATE_FIELD=PRE-DECISION REVIEW
CREATE_FIELD=PRE-DECISION REVIEW
CREATE_FIELD=New
CREATE_FIELD=New
CREATE_FIELD=am-em, pre deicison
CREATE_FIELD=am-em, pre deicison
CREATE_FIELD=260219083511015
CREATE_FIELD=260219083511015
CREATE_FIELD=260219083511015
CREATE_FIELD=ADR TPE 1
CREATE_FIELD=ADR TPE 1
CREATE_FIELD=02/19/2026
CREATE_FIELD=02/19/2026
CREATE_FIELD=aaaaaaa
CREATE_FIELD=aaaaaaa
CREATE_FIELD=Community General
CREATE_FIELD=Community General
CREATE_FIELD=02/14/2026
CREATE_FIELD=02/14/2026
CREATE_FIELD=Overdue
CREATE_FIELD=Overdue
CREATE_FIELD=02/25/2026
CREATE_FIELD=02/25/2026
CREATE_FIELD=Nobody Home
CREATE_FIELD=Nobody Home
CREATE_FIELD=COMPILE RECORD
CREATE_FIELD=COMPILE RECORD
CREATE_FIELD=COMPILE RECORD
CREATE_FIELD=New
CREATE_FIELD=New
CREATE_FIELD=am-em, compile
CREATE_FIELD=am-em, compile
CREATE_FIELD=260219083313796
CREATE_FIELD=260219083313796
CREATE_FIELD=260219083313796
CREATE_FIELD=ADR TPE 1
CREATE_FIELD=ADR TPE 1
CREATE_FIELD=02/19/2026
CREATE_FIELD=02/19/2026
CREATE_FIELD=aaaaaaaa
CREATE_FIELD=aaaaaaaa
CREATE_FIELD=Community General
CREATE_FIELD=Community General
CREATE_FIELD=02/18/2026
CREATE_FIELD=02/18/2026
CREATE_FIELD=6-10 Days
CREATE_FIELD=6-10 Days
CREATE_FIELD=03/27/2026
CREATE_FIELD=03/27/2026
CREATE_FIELD=Audit Supervisor
CREATE_FIELD=Audit Supervisor
CREATE_FIELD=RELEASE INFORMATION
CREATE_FIELD=RELEASE INFORMATION
CREATE_FIELD=RELEASE INFORMATION
CREATE_FIELD=New
CREATE_FIELD=New
CREATE_FIELD=llnn, ffnn
CREATE_FIELD=llnn, ffnn
CREATE_FIELD=260219051552992
CREATE_FIELD=260219051552992
CREATE_FIELD=260219051552992
CREATE_FIELD=ADR TPE 1
CREATE_FIELD=ADR TPE 1
CREATE_FIELD=02/19/2026
CREATE_FIELD=02/19/2026
CREATE_FIELD=12121243434535
CREATE_FIELD=12121243434535
CREATE_FIELD=Community General
CREATE_FIELD=Community General
CREATE_FIELD=02/09/2026
CREATE_FIELD=02/09/2026
CREATE_FIELD=10+ Days
CREATE_FIELD=10+ Days
CREATE_FIELD=04/04/2026
CREATE_FIELD=04/04/2026
CREATE_FIELD=Emtpy Team
CREATE_FIELD=Emtpy Team
CREATE_FIELD=RELEASE INFORMATION
CREATE_FIELD=RELEASE INFORMATION
CREATE_FIELD=RELEASE INFORMATION
CREATE_FIELD=New
CREATE_FIELD=New
CREATE_FIELD=er, er
CREATE_FIELD=er, er
CREATE_FIELD=260219052014308
CREATE_FIELD=260219052014308
CREATE_FIELD=260219052014308
CREATE_FIELD=ADR Prepay
CREATE_FIELD=ADR Prepay
CREATE_FIELD=02/19/2026
CREATE_FIELD=02/19/2026
CREATE_FIELD=76865868
CREATE_FIELD=76865868
CREATE_FIELD=123689_amem-peerreview
CREATE_FIELD=123689_amem-peerreview
CREATE_FIELD=02/17/2026
CREATE_FIELD=02/17/2026
CREATE_FIELD=Overdue
CREATE_FIELD=Overdue
CREATE_FIELD=02/25/2026
CREATE_FIELD=02/25/2026
CREATE_FIELD=Emtpy Team
CREATE_FIELD=Emtpy Team
CREATE_FIELD=COMPILE RECORD
CREATE_FIELD=COMPILE RECORD
CREATE_FIELD=COMPILE RECORD
CREATE_FIELD=New
CREATE_FIELD=New
CREATE_FIELD=ln, fn
CREATE_FIELD=ln, fn
CREATE_FIELD=260219051407697
CREATE_FIELD=260219051407697
CREATE_FIELD=260219051407697
CREATE_FIELD=ADR Prepay
CREATE_FIELD=ADR Prepay
CREATE_FIELD=02/19/2026
CREATE_FIELD=02/19/2026
CREATE_FIELD=12121212
CREATE_FIELD=12121212
CREATE_FIELD=Community General
CREATE_FIELD=Community General
CREATE_FIELD=02/17/2026
CREATE_FIELD=02/17/2026
CREATE_FIELD=Overdue
CREATE_FIELD=Overdue
CREATE_FIELD=02/25/2026
CREATE_FIELD=02/25/2026
CREATE_FIELD=Aleks test Team 1
CREATE_FIELD=Aleks test Team 1
CREATE_FIELD=COMPILE RECORD
CREATE_FIELD=COMPILE RECORD
CREATE_FIELD=COMPILE RECORD
CREATE_FIELD=New
CREATE_FIELD=New
CREATE_FIELD=qa, qa
CREATE_FIELD=qa, qa
CREATE_FIELD=260218133140177
CREATE_FIELD=260218133140177
CREATE_FIELD=260218133140177
CREATE_FIELD=ADR Prepay
CREATE_FIELD=ADR Prepay
CREATE_FIELD=02/18/2026
CREATE_FIELD=02/18/2026
CREATE_FIELD=12121
CREATE_FIELD=12121
CREATE_FIELD=Community General South
CREATE_FIELD=Community General South
CREATE_FIELD=02/03/2026
CREATE_FIELD=02/03/2026
CREATE_FIELD=Overdue
CREATE_FIELD=Overdue
CREATE_FIELD=02/26/2026
CREATE_FIELD=02/26/2026
CREATE_FIELD=Emtpy Team
CREATE_FIELD=Emtpy Team
CREATE_FIELD=COMPILE RECORD
CREATE_FIELD=COMPILE RECORD
CREATE_FIELD=COMPILE RECORD
CREATE_FIELD=New
CREATE_FIELD=New
CREATE_FIELD=sa, sa
CREATE_FIELD=sa, sa
CREATE_FIELD=260218133002905
CREATE_FIELD=260218133002905
CREATE_FIELD=260218133002905
CREATE_FIELD=ADR TPE 1
CREATE_FIELD=ADR TPE 1
CREATE_FIELD=02/18/2026
CREATE_FIELD=02/18/2026
CREATE_FIELD=23242
CREATE_FIELD=23242
CREATE_FIELD=Community General
CREATE_FIELD=Community General
CREATE_FIELD=02/09/2026
CREATE_FIELD=02/09/2026
CREATE_FIELD=10+ Days
CREATE_FIELD=10+ Days
CREATE_FIELD=04/04/2026
CREATE_FIELD=04/04/2026
CREATE_FIELD=Emtpy Team
CREATE_FIELD=Emtpy Team
CREATE_FIELD=RELEASE INFORMATION
CREATE_FIELD=RELEASE INFORMATION
CREATE_FIELD=RELEASE INFORMATION
CREATE_FIELD=New
CREATE_FIELD=New
CREATE_FIELD=AbhiLastThree, AbhiThree
CREATE_FIELD=AbhiLastThree, AbhiThree
CREATE_FIELD=260218130855998
CREATE_FIELD=260218130855998
CREATE_FIELD=260218130855998
CREATE_FIELD=ADR TPE 1
CREATE_FIELD=ADR TPE 1
CREATE_FIELD=02/18/2026
CREATE_FIELD=02/18/2026
CREATE_FIELD=2321232412
CREATE_FIELD=2321232412
CREATE_FIELD=Community General
CREATE_FIELD=Community General
CREATE_FIELD=02/17/2026
CREATE_FIELD=02/17/2026
CREATE_FIELD=Overdue
CREATE_FIELD=Overdue
CREATE_FIELD=02/25/2026
CREATE_FIELD=02/25/2026
CREATE_FIELD=Aleks test Team 1
CREATE_FIELD=Aleks test Team 1
CREATE_FIELD=COMPILE RECORD
CREATE_FIELD=COMPILE RECORD
CREATE_FIELD=COMPILE RECORD
CREATE_FIELD=New
CREATE_FIELD=New
CREATE_FIELD=TestAbhiLast2, TestAbhi2
CREATE_FIELD=TestAbhiLast2, TestAbhi2
CREATE_FIELD=260218130523902
CREATE_FIELD=260218130523902
CREATE_FIELD=260218130523902
CREATE_FIELD=ADR Prepay
CREATE_FIELD=ADR Prepay
CREATE_FIELD=02/18/2026
CREATE_FIELD=02/18/2026
CREATE_FIELD=12423221424
CREATE_FIELD=12423221424
CREATE_FIELD=Community General South
CREATE_FIELD=Community General South
CREATE_FIELD=02/17/2026
CREATE_FIELD=02/17/2026
CREATE_FIELD=10+ Days
CREATE_FIELD=10+ Days
CREATE_FIELD=04/03/2026
CREATE_FIELD=04/03/2026
CREATE_FIELD=Emtpy Team
CREATE_FIELD=Emtpy Team
CREATE_FIELD=RELEASE INFORMATION
CREATE_FIELD=RELEASE INFORMATION
CREATE_FIELD=RELEASE INFORMATION
CREATE_FIELD=New
CREATE_FIELD=New
CREATE_FIELD=am-em, testks
CREATE_FIELD=am-em, testks
CREATE_FIELD=260218130139969
CREATE_FIELD=260218130139969
CREATE_FIELD=260218130139969
CREATE_FIELD=ADR TPE 1
CREATE_FIELD=ADR TPE 1
CREATE_FIELD=02/18/2026
CREATE_FIELD=02/18/2026
CREATE_FIELD=aaaaaaaaaa
CREATE_FIELD=aaaaaaaaaa
CREATE_FIELD=123689_amem-peerreview
CREATE_FIELD=123689_amem-peerreview
CREATE_FIELD=02/16/2026
CREATE_FIELD=02/16/2026
CREATE_FIELD=10+ Days
CREATE_FIELD=10+ Days
CREATE_FIELD=04/01/2026
CREATE_FIELD=04/01/2026
CREATE_FIELD=Emtpy Team
CREATE_FIELD=Emtpy Team
CREATE_FIELD=RELEASE INFORMATION
CREATE_FIELD=RELEASE INFORMATION
CREATE_FIELD=RELEASE INFORMATION
CREATE_FIELD=New
CREATE_FIELD=New
CREATE_FIELD=am-em1, test
CREATE_FIELD=am-em1, test
CREATE_FIELD=260218104127348
CREATE_FIELD=260218104127348
CREATE_FIELD=260218104127348
CREATE_FIELD=ADR TPE 1
CREATE_FIELD=ADR TPE 1
CREATE_FIELD=02/18/2026
CREATE_FIELD=02/18/2026
CREATE_FIELD=aaaaaaaa
CREATE_FIELD=aaaaaaaa
CREATE_FIELD=Community General
CREATE_FIELD=Community General
CREATE_FIELD=02/14/2026
CREATE_FIELD=02/14/2026
CREATE_FIELD=Overdue
CREATE_FIELD=Overdue
CREATE_FIELD=02/26/2026
CREATE_FIELD=02/26/2026
CREATE_FIELD=Emtpy Team
CREATE_FIELD=Emtpy Team
CREATE_FIELD=COMPILE RECORD
CREATE_FIELD=COMPILE RECORD
CREATE_FIELD=COMPILE RECORD
CREATE_FIELD=New
CREATE_FIELD=New
CREATE_FIELD=test1826, test1826
CREATE_FIELD=test1826, test1826
CREATE_FIELD=260218103635789
CREATE_FIELD=260218103635789
CREATE_FIELD=260218103635789
CREATE_FIELD=ADR TPE 2
CREATE_FIELD=ADR TPE 2
CREATE_FIELD=02/18/2026
CREATE_FIELD=02/18/2026
CREATE_FIELD=12121212
CREATE_FIELD=12121212
CREATE_FIELD=Community General
CREATE_FIELD=Community General
CREATE_FIELD=02/09/2026
CREATE_FIELD=02/09/2026
CREATE_FIELD=10+ Days
CREATE_FIELD=10+ Days
CREATE_FIELD=03/29/2026
CREATE_FIELD=03/29/2026
CREATE_FIELD=Emtpy Team
CREATE_FIELD=Emtpy Team
CREATE_FIELD=RELEASE INFORMATION
CREATE_FIELD=RELEASE INFORMATION
CREATE_FIELD=RELEASE INFORMATION
CREATE_FIELD=New
CREATE_FIELD=New
CREATE_FIELD=test18, test18
CREATE_FIELD=test18, test18
CREATE_FIELD=260218103329732
CREATE_FIELD=260218103329732
CREATE_FIELD=260218103329732
CREATE_FIELD=ADR Prepay
CREATE_FIELD=ADR Prepay
CREATE_FIELD=02/18/2026
CREATE_FIELD=02/18/2026
CREATE_FIELD=4535345
CREATE_FIELD=4535345
CREATE_FIELD=Community General North
CREATE_FIELD=Community General North
CREATE_FIELD=02/10/2026
CREATE_FIELD=02/10/2026
CREATE_FIELD=Overdue
CREATE_FIELD=Overdue
CREATE_FIELD=02/21/2026
CREATE_FIELD=02/21/2026
CREATE_FIELD=Aleks test Team 2
CREATE_FIELD=Aleks test Team 2
CREATE_FIELD=COMPILE RECORD
CREATE_FIELD=COMPILE RECORD
CREATE_FIELD=COMPILE RECORD
CREATE_FIELD=New
CREATE_FIELD=New
CREATE_FIELD=test, test
CREATE_FIELD=test, test
CREATE_FIELD=260218102134685
CREATE_FIELD=260218102134685
CREATE_FIELD=260218102134685
CREATE_FIELD=Abs1
CREATE_FIELD=Abs1
CREATE_FIELD=02/18/2026
CREATE_FIELD=02/18/2026
CREATE_FIELD=24332234234
CREATE_FIELD=24332234234
CREATE_FIELD=Community General North
CREATE_FIELD=Community General North
CREATE_FIELD=02/01/2026
CREATE_FIELD=02/01/2026
CREATE_FIELD=Overdue
CREATE_FIELD=Overdue
CREATE_FIELD=02/26/2026
CREATE_FIELD=02/26/2026
CREATE_FIELD=Emtpy Team
CREATE_FIELD=Emtpy Team
CREATE_FIELD=COMPILE RECORD
CREATE_FIELD=COMPILE RECORD
CREATE_FIELD=COMPILE RECORD
CREATE_FIELD=New
CREATE_FIELD=New
CREATE_FIELD=test18_2_26, test18_2_26
CREATE_FIELD=test18_2_26, test18_2_26
CREATE_FIELD=260218094733557
CREATE_FIELD=260218094733557
CREATE_FIELD=260218094733557
CREATE_FIELD=ADR TPE 1
CREATE_FIELD=ADR TPE 1
CREATE_FIELD=02/18/2026
CREATE_FIELD=02/18/2026
CREATE_FIELD=34343434
CREATE_FIELD=34343434
CREATE_FIELD=Community General
CREATE_FIELD=Community General
CREATE_FIELD=02/17/2026
CREATE_FIELD=02/17/2026
CREATE_FIELD=Overdue
CREATE_FIELD=Overdue
CREATE_FIELD=02/25/2026
CREATE_FIELD=02/25/2026
CREATE_FIELD=Aleks test Team 1
CREATE_FIELD=Aleks test Team 1
CREATE_FIELD=COMPILE RECORD
CREATE_FIELD=COMPILE RECORD
CREATE_FIELD=COMPILE RECORD
CREATE_FIELD=New
CREATE_FIELD=New
CREATE_FIELD=test2, test2
CREATE_FIELD=test2, test2
CREATE_FIELD=260218094157803
CREATE_FIELD=260218094157803
CREATE_FIELD=260218094157803
CREATE_FIELD=ADR Prepay
CREATE_FIELD=ADR Prepay
CREATE_FIELD=02/18/2026
CREATE_FIELD=02/18/2026
CREATE_FIELD=98765432
CREATE_FIELD=98765432
CREATE_FIELD=Community General North
CREATE_FIELD=Community General North
CREATE_FIELD=02/04/2026
CREATE_FIELD=02/04/2026
CREATE_FIELD=0-5 Days
CREATE_FIELD=0-5 Days
CREATE_FIELD=03/18/2026
CREATE_FIELD=03/18/2026
CREATE_FIELD=Test Team
CREATE_FIELD=Test Team
CREATE_FIELD=RELEASE INFORMATION
CREATE_FIELD=RELEASE INFORMATION
CREATE_FIELD=RELEASE INFORMATION
CREATE_FIELD=New
CREATE_FIELD=New
CREATE_FIELD=test as, test rem compile recor
CREATE_FIELD=test as, test rem compile recor
CREATE_FIELD=260131062502815
CREATE_FIELD=260131062502815
CREATE_FIELD=260131062502815
CREATE_FIELD=ADR TPE 1
CREATE_FIELD=ADR TPE 1
CREATE_FIELD=01/31/2026
CREATE_FIELD=01/31/2026
CREATE_FIELD=123455
CREATE_FIELD=123455
CREATE_FIELD=Community General North
CREATE_FIELD=Community General North
CREATE_FIELD=01/31/2026
CREATE_FIELD=01/31/2026
CREATE_FIELD=Showing 1 to 100 of 13087
CREATE_FIELD=1
2
3
4
5
CREATE_FIELD=1
CREATE_FIELD=2
CREATE_FIELD=3
CREATE_FIELD=4
CREATE_FIELD=5
CREATE_FIELD=100
]]></system-out>
    <system-err><![CDATA[SLF4J(W): No SLF4J providers were found.
SLF4J(W): Defaulting to no-operation (NOP) logger implementation
SLF4J(W): See https://www.slf4j.org/codes.html#noProviders for further details.
Mar 17, 2026 3:45:54 PM org.openqa.selenium.devtools.CdpVersionFinder findNearestMatch
WARNING: Unable to find an exact match for CDP version 145, returning the closest version; found: 143; Please update to a Selenium version that supports CDP version 145
]]></system-err>
  </testcase>
</testsuite>