<?xml version="1.0" encoding="UTF-8"?>
<testng-results ignored="0" total="1" passed="1" failed="0" skipped="0">
  <reporter-output>
  </reporter-output>
  <suite started-at="2026-03-17T18:44:49 IST" name="Surefire suite" finished-at="2026-03-17T18:45:03 IST" duration-ms="13823">
    <groups>
    </groups>
    <test started-at="2026-03-17T18:44:49 IST" name="Surefire test" finished-at="2026-03-17T18:45:03 IST" duration-ms="13823">
      <class name="testcases.CreateAuditExploreTests">
        <test-method is-config="true" signature="setup()[pri:0, instance:testcases.CreateAuditExploreTests@771a660]" started-at="2026-03-17T18:44:49 IST" name="setup" finished-at="2026-03-17T18:44:53 IST" duration-ms="4209" status="PASS">
          <reporter-output>
          </reporter-output>
        </test-method> <!-- setup -->
        <test-method signature="inspectNewAuditControl()[pri:0, instance:testcases.CreateAuditExploreTests@771a660]" started-at="2026-03-17T18:44:53 IST" name="inspectNewAuditControl" finished-at="2026-03-17T18:45:02 IST" duration-ms="9367" status="PASS">
          <reporter-output>
          </reporter-output>
        </test-method> <!-- inspectNewAuditControl -->
        <test-method is-config="true" signature="tearDown()[pri:0, instance:testcases.CreateAuditExploreTests@771a660]" started-at="2026-03-17T18:45:02 IST" name="tearDown" finished-at="2026-03-17T18:45:03 IST" duration-ms="137" status="PASS">
          <reporter-output>
          </reporter-output>
        </test-method> <!-- tearDown -->
      </class> <!-- testcases.CreateAuditExploreTests -->
    </test> <!-- Surefire test -->
  </suite> <!-- Surefire suite -->
</testng-results>
